autoscan: warning: missing AC_CHECK_FUNCS([atexit]) wanted by: 
	libStatGen/general/StringBasics.cpp:1457
autoscan: warning: missing AC_CHECK_FUNCS([floor]) wanted by: 
	libmpu/PhredHelper.cpp:43
	libmpu/PhredHelper.cpp:48
	libmpu/PhredHelper.cpp:53
	libmpu/fVcf.h:313
	libmpu/fVcf.h:325
	libmpu/fVcf.h:521
	libmpu/fVcf.h:532
	libmpu/mpuVerify.cpp:78
autoscan: warning: missing AC_CHECK_FUNCS([gethostbyaddr]) wanted by: 
	libmpu/knetfile.c:172
	libStatGen/samtools/knetfile.c:198
autoscan: warning: missing AC_CHECK_FUNCS([gethostbyname]) wanted by: 
	libmpu/knetfile.c:168
	libStatGen/samtools/knetfile.c:194
autoscan: warning: missing AC_CHECK_FUNCS([gethostname]) wanted by: 
	libStatGen/general/MemoryMapArray.h:238
autoscan: warning: missing AC_CHECK_FUNCS([getpagesize]) wanted by: 
	libmpu/tabix.c:55
autoscan: warning: missing AC_CHECK_FUNCS([munmap]) wanted by: 
	libStatGen/general/MemoryMap.cpp:105
autoscan: warning: missing AC_CHECK_FUNCS([select]) wanted by: 
	libmpu/knetfile.c:73
	libStatGen/samtools/knetfile.c:89
autoscan: warning: missing AC_CHECK_FUNCS([socket]) wanted by: 
	libmpu/knetfile.c:102
	libmpu/knetfile.c:164
	libStatGen/samtools/knetfile.c:128
	libStatGen/samtools/knetfile.c:190
autoscan: warning: missing AC_CHECK_FUNCS([sqrt]) wanted by: 
	libbwa/bwape.c:93
	libmpu/MathGenMin.cpp:533
	libmpu/Random.cpp:304
	libmpu/boolExprParser.h:318
	libmpu/fVcf.cpp:4
	libmpu/mpuTool.cpp:301
	libmpu/mpuTool.cpp:302
	libmpu/mpuTool.cpp:303
	libmpu/mpuTool.cpp:304
	libmpu/mpuTool.cpp:305
	libmpu/mpuTool.cpp:306
	libmpu/mpuTool.cpp:307
	libmpu/mpuTool.cpp:308
	libmpu/mpuTool.cpp:309
	libmpu/mpuTool.cpp:310
	libmpu/mpuTool.cpp:311
	libmpu/mpuTool.cpp:312
	libStatGen/general/MathVector.cpp:305
	libStatGen/general/Random.cpp:304
	libStatGen/general/SimpleStats.h:78
autoscan: warning: missing AC_CHECK_FUNCS([strchr]) wanted by: 
	libmpu/Parameters.cpp:481
	libmpu/knetfile.c:311
	libmpu/mbgzf.c:208
	libmpu/mbgzf.c:208
	libmpu/mbgzf.c:225
	libmpu/mbgzf.c:225
	libmpu/mbgzf.c:237
	libmpu/mbgzf.c:256
	libmpu/mpuFile.h:413
	libmpu/fVcf.h:453
	libmpu/fVcf.h:589
	libmpu/fVcf.h:618
	libmpu/fVcf.h:620
	libmpu/fVcf.h:756
	libmpu/fVcf.h:839
	libmpu/fVcf.h:841
	libmpu/fVcf.h:857
	libmpu/fVcf.h:859
	libmpu/fVcf.h:874
	libmpu/fVcf.h:934
	libmpu/fVcf.h:981
	libmpu/fVcf.h:1003
	libmpu/fVcf.h:1029
	src/StatCollector.cpp:571
	libStatGen/general/Parameters.cpp:442
	libStatGen/general/StringBasics.cpp:556
	libStatGen/general/StringBasics.cpp:588
	libStatGen/samtools/bgzf.c:134
	libStatGen/samtools/bgzf.c:141
	libStatGen/samtools/bgzf.c:141
	libStatGen/samtools/bgzf.c:146
	libStatGen/samtools/bgzf.c:146
	libStatGen/samtools/bgzf.c:151
	libStatGen/samtools/bgzf.c:151
	libStatGen/samtools/bgzf.c:174
	libStatGen/samtools/bgzf.c:174
	libStatGen/samtools/bgzf.c:179
	libStatGen/samtools/bgzf.c:179
	libStatGen/samtools/knetfile.c:343
autoscan: warning: missing AC_CHECK_FUNCS([strrchr]) wanted by: 
	libStatGen/general/PhoneHome.cpp:160
autoscan: warning: missing AC_CHECK_FUNCS([strtol]) wanted by: 
	libmpu/index.c:171
	libmpu/index.c:178
	libmpu/index.c:184
	libmpu/index.c:205
	libmpu/knetfile.c:233
	libmpu/knetfile.c:431
	libmpu/mpuFile.h:479
	libmpu/mpuFile.h:487
	libmpu/mpuFile.h:495
	libmpu/mpuFile.h:503
	libmpu/mpuFile.h:511
	libmpu/mpuFile.h:519
	libStatGen/bam/SamRecord.cpp:2939
	libStatGen/bam/SamRecord.cpp:3626
	libStatGen/bam/SamRecord.cpp:3629
	libStatGen/bam/SamRecord.cpp:3632
	libStatGen/general/CigarRoller.cpp:144
	libStatGen/samtools/knetfile.c:259
	libStatGen/samtools/knetfile.c:464
autoscan: warning: missing AC_CHECK_FUNCS([strtoul]) wanted by: 
	libStatGen/bam/SamRecord.cpp:3635
	libStatGen/bam/SamRecord.cpp:3638
	libStatGen/bam/SamRecord.cpp:3641
	libStatGen/general/GenomeSequence.cpp:1269
	libStatGen/vcf/VcfGenotypeSample.cpp:322
autoscan: warning: missing AC_CHECK_HEADERS([arpa/inet.h]) wanted by: 
	libmpu/knetfile.c:45
	libStatGen/samtools/knetfile.c:49
autoscan: warning: missing AC_CHECK_HEADERS([netdb.h]) wanted by: 
	libmpu/knetfile.c:44
	libStatGen/samtools/knetfile.c:48
autoscan: warning: missing AC_CHECK_HEADERS([sys/socket.h]) wanted by: 
	libmpu/knetfile.c:46
	libStatGen/samtools/knetfile.c:50
autoscan: warning: missing AC_FUNC_MMAP wanted by: 
	libStatGen/general/GenomeSequence.cpp:1200
	libStatGen/general/MemoryMap.cpp:227
	libStatGen/general/MemoryMap.cpp:302
	libStatGen/general/MemoryMap.h:73
	libStatGen/general/MemoryMap.h:92
	libStatGen/general/MemoryMap.h:188
	libStatGen/general/MemoryMap.h:203
	libStatGen/general/MemoryMap.h:223
autoscan: warning: missing AC_FUNC_STRTOD wanted by: 
	libmpu/boolExprParser.h:304
	libmpu/boolExprParser.h:311
	libStatGen/bam/SamRecord.cpp:3623
	libStatGen/general/PedigreeGlobals.cpp:634
	libStatGen/general/PedigreeGlobals.cpp:640
	libStatGen/general/PedigreeLoader.cpp:207
	libStatGen/general/PedigreeLoader.cpp:236
autoscan: warning: missing AC_TYPE_INT16_T wanted by: 
	libmpu/mbgzf.h:46
	libStatGen/bam/SamFileHeader.h:438
	libStatGen/bam/SamFlag.h:34
	libStatGen/bam/SamFlag.h:35
	libStatGen/bam/SamFlag.h:36
	libStatGen/bam/SamFlag.h:37
	libStatGen/bam/SamFlag.h:38
	libStatGen/bam/SamFlag.h:39
	libStatGen/bam/SamFlag.h:40
	libStatGen/bam/SamFlag.h:41
	libStatGen/bam/SamFlag.h:42
	libStatGen/bam/SamFlag.h:43
	libStatGen/bam/SamFlag.h:44
	libStatGen/bam/SamFlag.h:45
	libStatGen/bam/SamFlag.h:46
	libStatGen/bam/SamFlag.h:47
	libStatGen/bam/SamRecord.cpp:3371
	libStatGen/bam/SamRecord.cpp:3371
	libStatGen/bam/SamRecord.cpp:3629
	libStatGen/bam/SamRecord.cpp:3629
	libStatGen/bam/SamRecord.cpp:3689
	libStatGen/glf/GlfRecord.cpp:453
	libStatGen/glf/GlfRecord.cpp:465
	libStatGen/glf/GlfRecord.cpp:517
	libStatGen/glf/GlfRecord.h:256
	libStatGen/glf/GlfRecord.h:262
	libStatGen/glf/GlfRecord.h:317
	libStatGen/glf/GlfRecord.h:318
	libStatGen/glf/test/WriteFiles.h:76
	libStatGen/glf/test/WriteFiles.h:77
autoscan: warning: missing AC_TYPE_INT8_T wanted by: 
	libmpu/mbgzf.c:54
	libmpu/mbgzf.h:41
	libStatGen/bam/SamRecord.cpp:3361
	libStatGen/bam/SamRecord.cpp:3361
	libStatGen/bam/SamRecord.cpp:3626
	libStatGen/bam/SamRecord.cpp:3626
	libStatGen/bam/SamRecord.cpp:3686
