This file contains any messages produced by compilers while
running configure, to aid debugging if configure makes a mistake.

It was created by FASTQuick configure 0.0.1, which was
generated by GNU Autoconf 2.68.  Invocation command line was

  $ ./configure 

## --------- ##
## Platform. ##
## --------- ##

hostname = 1000g
uname -m = x86_64
uname -r = 3.4.61
uname -s = Linux
uname -v = #1 SMP Tue Sep 10 16:49:43 EDT 2013

/usr/bin/uname -p = unknown
/bin/uname -X     = unknown

/bin/arch              = unknown
/usr/bin/arch -k       = unknown
/usr/convex/getsysinfo = unknown
/usr/bin/hostinfo      = unknown
/bin/machine           = unknown
/usr/bin/oslevel       = unknown
/bin/universe          = unknown

PATH: /net/wonderland/home/fanzhang/bin
PATH: /usr/cluster/bin
PATH: /usr/local/sbin
PATH: /usr/local/bin
PATH: /usr/sbin
PATH: /usr/bin
PATH: /sbin
PATH: /bin
PATH: /usr/games
PATH: /net/wonderland/home/fanzhang/WorkingSpace/bin/vcftools_0.1.11/bin/
PATH: /net/wonderland/home/fanzhang/WorkingSpace/bin
PATH: /net/wonderland/home/fanzhang/WorkingSpace/install-packages/CORTEX_release_v1.0.5.21//scripts/analyse_variants/needleman_wunsch/
PATH: /net/wonderland/home/fanzhang/WorkingSpace/development/sga/src/bin/
PATH: /net/wonderland/home/fanzhang/WorkingSpace/install-packages/CORTEX_release_v1.0.5.21/bin
R_LIBS=/net/wonderland/home/fanzhang/WorkingSpace/lib/Rlib/


## ----------- ##
## Core tests. ##
## ----------- ##

configure:2397: checking for a BSD-compatible install
configure:2465: result: /usr/bin/install -c
configure:2476: checking whether build environment is sane
configure:2526: result: yes
configure:2667: checking for a thread-safe mkdir -p
configure:2706: result: /bin/mkdir -p
configure:2719: checking for gawk
configure:2735: found /usr/bin/gawk
configure:2746: result: gawk
configure:2757: checking whether make sets $(MAKE)
configure:2779: result: yes
configure:2868: checking for gawk
configure:2895: result: gawk
configure:2964: checking for g++
configure:2980: found /usr/bin/g++
configure:2991: result: g++
configure:3018: checking for C++ compiler version
configure:3027: g++ --version >&5
g++ (Ubuntu 4.8.1-2ubuntu1~12.04) 4.8.1
Copyright (C) 2013 Free Software Foundation, Inc.
This is free software; see the source for copying conditions.  There is NO
warranty; not even for MERCHANTABILITY or FITNESS FOR A PARTICULAR PURPOSE.

configure:3038: $? = 0
configure:3027: g++ -v >&5
Using built-in specs.
COLLECT_GCC=g++
COLLECT_LTO_WRAPPER=/usr/lib/gcc/x86_64-linux-gnu/4.8/lto-wrapper
Target: x86_64-linux-gnu
Configured with: ../src/configure -v --with-pkgversion='Ubuntu 4.8.1-2ubuntu1~12.04' --with-bugurl=file:///usr/share/doc/gcc-4.8/README.Bugs --enable-languages=c,c++,java,go,d,fortran,objc,obj-c++ --prefix=/usr --program-suffix=-4.8 --enable-shared --enable-linker-build-id --libexecdir=/usr/lib --without-included-gettext --enable-threads=posix --with-gxx-include-dir=/usr/include/c++/4.8 --libdir=/usr/lib --enable-nls --with-sysroot=/ --enable-clocale=gnu --enable-libstdcxx-debug --enable-libstdcxx-time=yes --enable-gnu-unique-object --enable-plugin --with-system-zlib --disable-browser-plugin --enable-java-awt=gtk --enable-gtk-cairo --with-java-home=/usr/lib/jvm/java-1.5.0-gcj-4.8-amd64/jre --enable-java-home --with-jvm-root-dir=/usr/lib/jvm/java-1.5.0-gcj-4.8-amd64 --with-jvm-jar-dir=/usr/lib/jvm-exports/java-1.5.0-gcj-4.8-amd64 --with-arch-directory=amd64 --with-ecj-jar=/usr/share/java/eclipse-ecj.jar --enable-objc-gc --enable-multiarch --disable-werror --with-arch-32=i686 --with-abi=m64 --with-multilib-list=m32,m64 --with-tune=generic --enable-checking=release --build=x86_64-linux-gnu --host=x86_64-linux-gnu --target=x86_64-linux-gnu
Thread model: posix
gcc version 4.8.1 (Ubuntu 4.8.1-2ubuntu1~12.04) 
configure:3038: $? = 0
configure:3027: g++ -V >&5
g++: error: unrecognized command line option '-V'
g++: fatal error: no input files
compilation terminated.
configure:3038: $? = 4
configure:3027: g++ -qversion >&5
g++: error: unrecognized command line option '-qversion'
g++: fatal error: no input files
compilation terminated.
configure:3038: $? = 4
configure:3058: checking whether the C++ compiler works
configure:3080: g++    conftest.cpp  >&5
configure:3084: $? = 0
configure:3132: result: yes
configure:3135: checking for C++ compiler default output file name
configure:3137: result: a.out
configure:3143: checking for suffix of executables
configure:3150: g++ -o conftest    conftest.cpp  >&5
configure:3154: $? = 0
configure:3176: result: 
configure:3198: checking whether we are cross compiling
configure:3206: g++ -o conftest    conftest.cpp  >&5
configure:3210: $? = 0
configure:3217: ./conftest
configure:3221: $? = 0
configure:3236: result: no
configure:3241: checking for suffix of object files
configure:3263: g++ -c   conftest.cpp >&5
configure:3267: $? = 0
configure:3288: result: o
configure:3292: checking whether we are using the GNU C++ compiler
configure:3311: g++ -c   conftest.cpp >&5
configure:3311: $? = 0
configure:3320: result: yes
configure:3329: checking whether g++ accepts -g
configure:3349: g++ -c -g  conftest.cpp >&5
configure:3349: $? = 0
configure:3390: result: yes
configure:3424: checking for style of include used by make
configure:3452: result: GNU
configure:3478: checking dependency style of g++
configure:3589: result: gcc3
configure:3652: checking for gcc
configure:3668: found /usr/bin/gcc
configure:3679: result: gcc
configure:3908: checking for C compiler version
configure:3917: gcc --version >&5
gcc (Ubuntu 4.8.1-2ubuntu1~12.04) 4.8.1
Copyright (C) 2013 Free Software Foundation, Inc.
This is free software; see the source for copying conditions.  There is NO
warranty; not even for MERCHANTABILITY or FITNESS FOR A PARTICULAR PURPOSE.

configure:3928: $? = 0
configure:3917: gcc -v >&5
Using built-in specs.
COLLECT_GCC=gcc
COLLECT_LTO_WRAPPER=/usr/lib/gcc/x86_64-linux-gnu/4.8/lto-wrapper
Target: x86_64-linux-gnu
Configured with: ../src/configure -v --with-pkgversion='Ubuntu 4.8.1-2ubuntu1~12.04' --with-bugurl=file:///usr/share/doc/gcc-4.8/README.Bugs --enable-languages=c,c++,java,go,d,fortran,objc,obj-c++ --prefix=/usr --program-suffix=-4.8 --enable-shared --enable-linker-build-id --libexecdir=/usr/lib --without-included-gettext --enable-threads=posix --with-gxx-include-dir=/usr/include/c++/4.8 --libdir=/usr/lib --enable-nls --with-sysroot=/ --enable-clocale=gnu --enable-libstdcxx-debug --enable-libstdcxx-time=yes --enable-gnu-unique-object --enable-plugin --with-system-zlib --disable-browser-plugin --enable-java-awt=gtk --enable-gtk-cairo --with-java-home=/usr/lib/jvm/java-1.5.0-gcj-4.8-amd64/jre --enable-java-home --with-jvm-root-dir=/usr/lib/jvm/java-1.5.0-gcj-4.8-amd64 --with-jvm-jar-dir=/usr/lib/jvm-exports/java-1.5.0-gcj-4.8-amd64 --with-arch-directory=amd64 --with-ecj-jar=/usr/share/java/eclipse-ecj.jar --enable-objc-gc --enable-multiarch --disable-werror --with-arch-32=i686 --with-abi=m64 --with-multilib-list=m32,m64 --with-tune=generic --enable-checking=release --build=x86_64-linux-gnu --host=x86_64-linux-gnu --target=x86_64-linux-gnu
Thread model: posix
gcc version 4.8.1 (Ubuntu 4.8.1-2ubuntu1~12.04) 
configure:3928: $? = 0
configure:3917: gcc -V >&5
gcc: error: unrecognized command line option '-V'
gcc: fatal error: no input files
compilation terminated.
configure:3928: $? = 4
configure:3917: gcc -qversion >&5
gcc: error: unrecognized command line option '-qversion'
gcc: fatal error: no input files
compilation terminated.
configure:3928: $? = 4
configure:3932: checking whether we are using the GNU C compiler
configure:3951: gcc -c   conftest.c >&5
configure:3951: $? = 0
configure:3960: result: yes
configure:3969: checking whether gcc accepts -g
configure:3989: gcc -c -g  conftest.c >&5
configure:3989: $? = 0
configure:4030: result: yes
configure:4047: checking for gcc option to accept ISO C89
configure:4111: gcc  -c -g -O2  conftest.c >&5
configure:4111: $? = 0
configure:4124: result: none needed
configure:4146: checking dependency style of gcc
configure:4257: result: gcc3
configure:4315: checking for ranlib
configure:4331: found /usr/bin/ranlib
configure:4342: result: ranlib
configure:4367: checking for main in -lStatGen
configure:4386: gcc -o conftest -g -O2   conftest.c -lStatGen   >&5
/usr/bin/ld: cannot find -lStatGen
collect2: error: ld returned 1 exit status
configure:4386: $? = 1
configure: failed program was:
| /* confdefs.h */
| #define PACKAGE_NAME "FASTQuick"
| #define PACKAGE_TARNAME "fastquick"
| #define PACKAGE_VERSION "0.0.1"
| #define PACKAGE_STRING "FASTQuick 0.0.1"
| #define PACKAGE_BUGREPORT "fanzhang@umich.edu"
| #define PACKAGE_URL ""
| #define PACKAGE "fastquick"
| #define VERSION "0.0.1"
| /* end confdefs.h.  */
| 
| 
| int
| main ()
| {
| return main ();
|   ;
|   return 0;
| }
configure:4395: result: no
configure:4407: checking for main in -lcrypto
configure:4426: gcc -o conftest -g -O2   conftest.c -lcrypto   >&5
configure:4426: $? = 0
configure:4435: result: yes
configure:4447: checking for main in -lcsg
configure:4466: gcc -o conftest -g -O2   conftest.c -lcsg  -lcrypto  >&5
/usr/bin/ld: cannot find -lcsg
collect2: error: ld returned 1 exit status
configure:4466: $? = 1
configure: failed program was:
| /* confdefs.h */
| #define PACKAGE_NAME "FASTQuick"
| #define PACKAGE_TARNAME "fastquick"
| #define PACKAGE_VERSION "0.0.1"
| #define PACKAGE_STRING "FASTQuick 0.0.1"
| #define PACKAGE_BUGREPORT "fanzhang@umich.edu"
| #define PACKAGE_URL ""
| #define PACKAGE "fastquick"
| #define VERSION "0.0.1"
| #define HAVE_LIBCRYPTO 1
| /* end confdefs.h.  */
| 
| 
| int
| main ()
| {
| return main ();
|   ;
|   return 0;
| }
configure:4475: result: no
configure:4487: checking for main in -lm
configure:4506: gcc -o conftest -g -O2   conftest.c -lm  -lcrypto  >&5
configure:4506: $? = 0
configure:4515: result: yes
configure:4527: checking for main in -lmpu
configure:4546: gcc -o conftest -g -O2   conftest.c -lmpu  -lm -lcrypto  >&5
/usr/bin/ld: cannot find -lmpu
collect2: error: ld returned 1 exit status
configure:4546: $? = 1
configure: failed program was:
| /* confdefs.h */
| #define PACKAGE_NAME "FASTQuick"
| #define PACKAGE_TARNAME "fastquick"
| #define PACKAGE_VERSION "0.0.1"
| #define PACKAGE_STRING "FASTQuick 0.0.1"
| #define PACKAGE_BUGREPORT "fanzhang@umich.edu"
| #define PACKAGE_URL ""
| #define PACKAGE "fastquick"
| #define VERSION "0.0.1"
| #define HAVE_LIBCRYPTO 1
| #define HAVE_LIBM 1
| /* end confdefs.h.  */
| 
| 
| int
| main ()
| {
| return main ();
|   ;
|   return 0;
| }
configure:4555: result: no
configure:4567: checking for main in -lpthread
configure:4586: gcc -o conftest -g -O2   conftest.c -lpthread  -lm -lcrypto  >&5
configure:4586: $? = 0
configure:4595: result: yes
configure:4607: checking for main in -lssl
configure:4626: gcc -o conftest -g -O2   conftest.c -lssl  -lpthread -lm -lcrypto  >&5
configure:4626: $? = 0
configure:4635: result: yes
configure:4647: checking for main in -lz
configure:4666: gcc -o conftest -g -O2   conftest.c -lz  -lssl -lpthread -lm -lcrypto  >&5
configure:4666: $? = 0
configure:4675: result: yes
configure:4693: checking how to run the C preprocessor
configure:4724: gcc -E  conftest.c
configure:4724: $? = 0
configure:4738: gcc -E  conftest.c
conftest.c:16:28: fatal error: ac_nonexistent.h: No such file or directory
 #include <ac_nonexistent.h>
                            ^
compilation terminated.
configure:4738: $? = 1
configure: failed program was:
| /* confdefs.h */
| #define PACKAGE_NAME "FASTQuick"
| #define PACKAGE_TARNAME "fastquick"
| #define PACKAGE_VERSION "0.0.1"
| #define PACKAGE_STRING "FASTQuick 0.0.1"
| #define PACKAGE_BUGREPORT "fanzhang@umich.edu"
| #define PACKAGE_URL ""
| #define PACKAGE "fastquick"
| #define VERSION "0.0.1"
| #define HAVE_LIBCRYPTO 1
| #define HAVE_LIBM 1
| #define HAVE_LIBPTHREAD 1
| #define HAVE_LIBSSL 1
| #define HAVE_LIBZ 1
| /* end confdefs.h.  */
| #include <ac_nonexistent.h>
configure:4763: result: gcc -E
configure:4783: gcc -E  conftest.c
configure:4783: $? = 0
configure:4797: gcc -E  conftest.c
conftest.c:16:28: fatal error: ac_nonexistent.h: No such file or directory
 #include <ac_nonexistent.h>
                            ^
compilation terminated.
configure:4797: $? = 1
configure: failed program was:
| /* confdefs.h */
| #define PACKAGE_NAME "FASTQuick"
| #define PACKAGE_TARNAME "fastquick"
| #define PACKAGE_VERSION "0.0.1"
| #define PACKAGE_STRING "FASTQuick 0.0.1"
| #define PACKAGE_BUGREPORT "fanzhang@umich.edu"
| #define PACKAGE_URL ""
| #define PACKAGE "fastquick"
| #define VERSION "0.0.1"
| #define HAVE_LIBCRYPTO 1
| #define HAVE_LIBM 1
| #define HAVE_LIBPTHREAD 1
| #define HAVE_LIBSSL 1
| #define HAVE_LIBZ 1
| /* end confdefs.h.  */
| #include <ac_nonexistent.h>
configure:4826: checking for grep that handles long lines and -e
configure:4884: result: /bin/grep
configure:4889: checking for egrep
configure:4951: result: /bin/grep -E
configure:4956: checking for ANSI C header files
configure:4976: gcc -c -g -O2  conftest.c >&5
configure:4976: $? = 0
configure:5049: gcc -o conftest -g -O2   conftest.c -lz -lssl -lpthread -lm -lcrypto  >&5
configure:5049: $? = 0
configure:5049: ./conftest
configure:5049: $? = 0
configure:5060: result: yes
configure:5073: checking for sys/types.h
configure:5073: gcc -c -g -O2  conftest.c >&5
configure:5073: $? = 0
configure:5073: result: yes
configure:5073: checking for sys/stat.h
configure:5073: gcc -c -g -O2  conftest.c >&5
configure:5073: $? = 0
configure:5073: result: yes
configure:5073: checking for stdlib.h
configure:5073: gcc -c -g -O2  conftest.c >&5
configure:5073: $? = 0
configure:5073: result: yes
configure:5073: checking for string.h
configure:5073: gcc -c -g -O2  conftest.c >&5
configure:5073: $? = 0
configure:5073: result: yes
configure:5073: checking for memory.h
configure:5073: gcc -c -g -O2  conftest.c >&5
configure:5073: $? = 0
configure:5073: result: yes
configure:5073: checking for strings.h
configure:5073: gcc -c -g -O2  conftest.c >&5
configure:5073: $? = 0
configure:5073: result: yes
configure:5073: checking for inttypes.h
configure:5073: gcc -c -g -O2  conftest.c >&5
configure:5073: $? = 0
configure:5073: result: yes
configure:5073: checking for stdint.h
configure:5073: gcc -c -g -O2  conftest.c >&5
configure:5073: $? = 0
configure:5073: result: yes
configure:5073: checking for unistd.h
configure:5073: gcc -c -g -O2  conftest.c >&5
configure:5073: $? = 0
configure:5073: result: yes
configure:5088: checking arpa/inet.h usability
configure:5088: gcc -c -g -O2  conftest.c >&5
configure:5088: $? = 0
configure:5088: result: yes
configure:5088: checking arpa/inet.h presence
configure:5088: gcc -E  conftest.c
configure:5088: $? = 0
configure:5088: result: yes
configure:5088: checking for arpa/inet.h
configure:5088: result: yes
configure:5088: checking fcntl.h usability
configure:5088: gcc -c -g -O2  conftest.c >&5
configure:5088: $? = 0
configure:5088: result: yes
configure:5088: checking fcntl.h presence
configure:5088: gcc -E  conftest.c
configure:5088: $? = 0
configure:5088: result: yes
configure:5088: checking for fcntl.h
configure:5088: result: yes
configure:5088: checking limits.h usability
configure:5088: gcc -c -g -O2  conftest.c >&5
configure:5088: $? = 0
configure:5088: result: yes
configure:5088: checking limits.h presence
configure:5088: gcc -E  conftest.c
configure:5088: $? = 0
configure:5088: result: yes
configure:5088: checking for limits.h
configure:5088: result: yes
configure:5088: checking netdb.h usability
configure:5088: gcc -c -g -O2  conftest.c >&5
configure:5088: $? = 0
configure:5088: result: yes
configure:5088: checking netdb.h presence
configure:5088: gcc -E  conftest.c
configure:5088: $? = 0
configure:5088: result: yes
configure:5088: checking for netdb.h
configure:5088: result: yes
configure:5088: checking stddef.h usability
configure:5088: gcc -c -g -O2  conftest.c >&5
configure:5088: $? = 0
configure:5088: result: yes
configure:5088: checking stddef.h presence
configure:5088: gcc -E  conftest.c
configure:5088: $? = 0
configure:5088: result: yes
configure:5088: checking for stddef.h
configure:5088: result: yes
configure:5088: checking for stdint.h
configure:5088: result: yes
configure:5088: checking for stdlib.h
configure:5088: result: yes
configure:5088: checking for string.h
configure:5088: result: yes
configure:5088: checking sys/socket.h usability
configure:5088: gcc -c -g -O2  conftest.c >&5
configure:5088: $? = 0
configure:5088: result: yes
configure:5088: checking sys/socket.h presence
configure:5088: gcc -E  conftest.c
configure:5088: $? = 0
configure:5088: result: yes
configure:5088: checking for sys/socket.h
configure:5088: result: yes
configure:5088: checking sys/time.h usability
configure:5088: gcc -c -g -O2  conftest.c >&5
configure:5088: $? = 0
configure:5088: result: yes
configure:5088: checking sys/time.h presence
configure:5088: gcc -E  conftest.c
configure:5088: $? = 0
configure:5088: result: yes
configure:5088: checking for sys/time.h
configure:5088: result: yes
configure:5088: checking for unistd.h
configure:5088: result: yes
configure:5100: checking for stdbool.h that conforms to C99
configure:5167: gcc -c -g -O2  conftest.c >&5
configure:5167: $? = 0
configure:5174: result: yes
configure:5176: checking for _Bool
configure:5176: gcc -c -g -O2  conftest.c >&5
configure:5176: $? = 0
configure:5176: gcc -c -g -O2  conftest.c >&5
conftest.c: In function 'main':
conftest.c:73:20: error: expected expression before ')' token
 if (sizeof ((_Bool)))
                    ^
configure:5176: $? = 1
configure: failed program was:
| /* confdefs.h */
| #define PACKAGE_NAME "FASTQuick"
| #define PACKAGE_TARNAME "fastquick"
| #define PACKAGE_VERSION "0.0.1"
| #define PACKAGE_STRING "FASTQuick 0.0.1"
| #define PACKAGE_BUGREPORT "fanzhang@umich.edu"
| #define PACKAGE_URL ""
| #define PACKAGE "fastquick"
| #define VERSION "0.0.1"
| #define HAVE_LIBCRYPTO 1
| #define HAVE_LIBM 1
| #define HAVE_LIBPTHREAD 1
| #define HAVE_LIBSSL 1
| #define HAVE_LIBZ 1
| #define STDC_HEADERS 1
| #define HAVE_SYS_TYPES_H 1
| #define HAVE_SYS_STAT_H 1
| #define HAVE_STDLIB_H 1
| #define HAVE_STRING_H 1
| #define HAVE_MEMORY_H 1
| #define HAVE_STRINGS_H 1
| #define HAVE_INTTYPES_H 1
| #define HAVE_STDINT_H 1
| #define HAVE_UNISTD_H 1
| #define HAVE_ARPA_INET_H 1
| #define HAVE_FCNTL_H 1
| #define HAVE_LIMITS_H 1
| #define HAVE_NETDB_H 1
| #define HAVE_STDDEF_H 1
| #define HAVE_STDINT_H 1
| #define HAVE_STDLIB_H 1
| #define HAVE_STRING_H 1
| #define HAVE_SYS_SOCKET_H 1
| #define HAVE_SYS_TIME_H 1
| #define HAVE_UNISTD_H 1
| /* end confdefs.h.  */
| #include <stdio.h>
| #ifdef HAVE_SYS_TYPES_H
| # include <sys/types.h>
| #endif
| #ifdef HAVE_SYS_STAT_H
| # include <sys/stat.h>
| #endif
| #ifdef STDC_HEADERS
| # include <stdlib.h>
| # include <stddef.h>
| #else
| # ifdef HAVE_STDLIB_H
| #  include <stdlib.h>
| # endif
| #endif
| #ifdef HAVE_STRING_H
| # if !defined STDC_HEADERS && defined HAVE_MEMORY_H
| #  include <memory.h>
| # endif
| # include <string.h>
| #endif
| #ifdef HAVE_STRINGS_H
| # include <strings.h>
| #endif
| #ifdef HAVE_INTTYPES_H
| # include <inttypes.h>
| #endif
| #ifdef HAVE_STDINT_H
| # include <stdint.h>
| #endif
| #ifdef HAVE_UNISTD_H
| # include <unistd.h>
| #endif
| int
| main ()
| {
| if (sizeof ((_Bool)))
| 	    return 0;
|   ;
|   return 0;
| }
configure:5176: result: yes
configure:5192: checking for inline
configure:5208: gcc -c -g -O2  conftest.c >&5
configure:5208: $? = 0
configure:5216: result: inline
configure:5234: checking for int16_t
configure:5234: gcc -c -g -O2  conftest.c >&5
configure:5234: $? = 0
configure:5234: gcc -c -g -O2  conftest.c >&5
conftest.c: In function 'main':
conftest.c:76:12: error: size of array 'test_array' is negative
 static int test_array [1 - 2 * !((int16_t) (((((int16_t) 1 << N) << N) - 1) * 2 + 1)
            ^
configure:5234: $? = 1
configure: failed program was:
| /* confdefs.h */
| #define PACKAGE_NAME "FASTQuick"
| #define PACKAGE_TARNAME "fastquick"
| #define PACKAGE_VERSION "0.0.1"
| #define PACKAGE_STRING "FASTQuick 0.0.1"
| #define PACKAGE_BUGREPORT "fanzhang@umich.edu"
| #define PACKAGE_URL ""
| #define PACKAGE "fastquick"
| #define VERSION "0.0.1"
| #define HAVE_LIBCRYPTO 1
| #define HAVE_LIBM 1
| #define HAVE_LIBPTHREAD 1
| #define HAVE_LIBSSL 1
| #define HAVE_LIBZ 1
| #define STDC_HEADERS 1
| #define HAVE_SYS_TYPES_H 1
| #define HAVE_SYS_STAT_H 1
| #define HAVE_STDLIB_H 1
| #define HAVE_STRING_H 1
| #define HAVE_MEMORY_H 1
| #define HAVE_STRINGS_H 1
| #define HAVE_INTTYPES_H 1
| #define HAVE_STDINT_H 1
| #define HAVE_UNISTD_H 1
| #define HAVE_ARPA_INET_H 1
| #define HAVE_FCNTL_H 1
| #define HAVE_LIMITS_H 1
| #define HAVE_NETDB_H 1
| #define HAVE_STDDEF_H 1
| #define HAVE_STDINT_H 1
| #define HAVE_STDLIB_H 1
| #define HAVE_STRING_H 1
| #define HAVE_SYS_SOCKET_H 1
| #define HAVE_SYS_TIME_H 1
| #define HAVE_UNISTD_H 1
| #define HAVE__BOOL 1
| #define HAVE_STDBOOL_H 1
| /* end confdefs.h.  */
| #include <stdio.h>
| #ifdef HAVE_SYS_TYPES_H
| # include <sys/types.h>
| #endif
| #ifdef HAVE_SYS_STAT_H
| # include <sys/stat.h>
| #endif
| #ifdef STDC_HEADERS
| # include <stdlib.h>
| # include <stddef.h>
| #else
| # ifdef HAVE_STDLIB_H
| #  include <stdlib.h>
| # endif
| #endif
| #ifdef HAVE_STRING_H
| # if !defined STDC_HEADERS && defined HAVE_MEMORY_H
| #  include <memory.h>
| # endif
| # include <string.h>
| #endif
| #ifdef HAVE_STRINGS_H
| # include <strings.h>
| #endif
| #ifdef HAVE_INTTYPES_H
| # include <inttypes.h>
| #endif
| #ifdef HAVE_STDINT_H
| # include <stdint.h>
| #endif
| #ifdef HAVE_UNISTD_H
| # include <unistd.h>
| #endif
| 	        enum { N = 16 / 2 - 1 };
| int
| main ()
| {
| static int test_array [1 - 2 * !((int16_t) (((((int16_t) 1 << N) << N) - 1) * 2 + 1)
| 		 < (int16_t) (((((int16_t) 1 << N) << N) - 1) * 2 + 2))];
| test_array [0] = 0
| 
|   ;
|   return 0;
| }
configure:5234: result: yes
configure:5245: checking for int32_t
configure:5245: gcc -c -g -O2  conftest.c >&5
configure:5245: $? = 0
configure:5245: gcc -c -g -O2  conftest.c >&5
conftest.c: In function 'main':
conftest.c:77:53: warning: integer overflow in expression [-Woverflow]
    < (int32_t) (((((int32_t) 1 << N) << N) - 1) * 2 + 2))];
                                                     ^
conftest.c:76:12: error: storage size of 'test_array' isn't constant
 static int test_array [1 - 2 * !((int32_t) (((((int32_t) 1 << N) << N) - 1) * 2 + 1)
            ^
configure:5245: $? = 1
configure: failed program was:
| /* confdefs.h */
| #define PACKAGE_NAME "FASTQuick"
| #define PACKAGE_TARNAME "fastquick"
| #define PACKAGE_VERSION "0.0.1"
| #define PACKAGE_STRING "FASTQuick 0.0.1"
| #define PACKAGE_BUGREPORT "fanzhang@umich.edu"
| #define PACKAGE_URL ""
| #define PACKAGE "fastquick"
| #define VERSION "0.0.1"
| #define HAVE_LIBCRYPTO 1
| #define HAVE_LIBM 1
| #define HAVE_LIBPTHREAD 1
| #define HAVE_LIBSSL 1
| #define HAVE_LIBZ 1
| #define STDC_HEADERS 1
| #define HAVE_SYS_TYPES_H 1
| #define HAVE_SYS_STAT_H 1
| #define HAVE_STDLIB_H 1
| #define HAVE_STRING_H 1
| #define HAVE_MEMORY_H 1
| #define HAVE_STRINGS_H 1
| #define HAVE_INTTYPES_H 1
| #define HAVE_STDINT_H 1
| #define HAVE_UNISTD_H 1
| #define HAVE_ARPA_INET_H 1
| #define HAVE_FCNTL_H 1
| #define HAVE_LIMITS_H 1
| #define HAVE_NETDB_H 1
| #define HAVE_STDDEF_H 1
| #define HAVE_STDINT_H 1
| #define HAVE_STDLIB_H 1
| #define HAVE_STRING_H 1
| #define HAVE_SYS_SOCKET_H 1
| #define HAVE_SYS_TIME_H 1
| #define HAVE_UNISTD_H 1
| #define HAVE__BOOL 1
| #define HAVE_STDBOOL_H 1
| /* end confdefs.h.  */
| #include <stdio.h>
| #ifdef HAVE_SYS_TYPES_H
| # include <sys/types.h>
| #endif
| #ifdef HAVE_SYS_STAT_H
| # include <sys/stat.h>
| #endif
| #ifdef STDC_HEADERS
| # include <stdlib.h>
| # include <stddef.h>
| #else
| # ifdef HAVE_STDLIB_H
| #  include <stdlib.h>
| # endif
| #endif
| #ifdef HAVE_STRING_H
| # if !defined STDC_HEADERS && defined HAVE_MEMORY_H
| #  include <memory.h>
| # endif
| # include <string.h>
| #endif
| #ifdef HAVE_STRINGS_H
| # include <strings.h>
| #endif
| #ifdef HAVE_INTTYPES_H
| # include <inttypes.h>
| #endif
| #ifdef HAVE_STDINT_H
| # include <stdint.h>
| #endif
| #ifdef HAVE_UNISTD_H
| # include <unistd.h>
| #endif
| 	        enum { N = 32 / 2 - 1 };
| int
| main ()
| {
| static int test_array [1 - 2 * !((int32_t) (((((int32_t) 1 << N) << N) - 1) * 2 + 1)
| 		 < (int32_t) (((((int32_t) 1 << N) << N) - 1) * 2 + 2))];
| test_array [0] = 0
| 
|   ;
|   return 0;
| }
configure:5245: result: yes
configure:5256: checking for int64_t
configure:5256: gcc -c -g -O2  conftest.c >&5
configure:5256: $? = 0
configure:5256: gcc -c -g -O2  conftest.c >&5
conftest.c: In function 'main':
conftest.c:77:53: warning: integer overflow in expression [-Woverflow]
    < (int64_t) (((((int64_t) 1 << N) << N) - 1) * 2 + 2))];
                                                     ^
conftest.c:76:12: error: storage size of 'test_array' isn't constant
 static int test_array [1 - 2 * !((int64_t) (((((int64_t) 1 << N) << N) - 1) * 2 + 1)
            ^
configure:5256: $? = 1
configure: failed program was:
| /* confdefs.h */
| #define PACKAGE_NAME "FASTQuick"
| #define PACKAGE_TARNAME "fastquick"
| #define PACKAGE_VERSION "0.0.1"
| #define PACKAGE_STRING "FASTQuick 0.0.1"
| #define PACKAGE_BUGREPORT "fanzhang@umich.edu"
| #define PACKAGE_URL ""
| #define PACKAGE "fastquick"
| #define VERSION "0.0.1"
| #define HAVE_LIBCRYPTO 1
| #define HAVE_LIBM 1
| #define HAVE_LIBPTHREAD 1
| #define HAVE_LIBSSL 1
| #define HAVE_LIBZ 1
| #define STDC_HEADERS 1
| #define HAVE_SYS_TYPES_H 1
| #define HAVE_SYS_STAT_H 1
| #define HAVE_STDLIB_H 1
| #define HAVE_STRING_H 1
| #define HAVE_MEMORY_H 1
| #define HAVE_STRINGS_H 1
| #define HAVE_INTTYPES_H 1
| #define HAVE_STDINT_H 1
| #define HAVE_UNISTD_H 1
| #define HAVE_ARPA_INET_H 1
| #define HAVE_FCNTL_H 1
| #define HAVE_LIMITS_H 1
| #define HAVE_NETDB_H 1
| #define HAVE_STDDEF_H 1
| #define HAVE_STDINT_H 1
| #define HAVE_STDLIB_H 1
| #define HAVE_STRING_H 1
| #define HAVE_SYS_SOCKET_H 1
| #define HAVE_SYS_TIME_H 1
| #define HAVE_UNISTD_H 1
| #define HAVE__BOOL 1
| #define HAVE_STDBOOL_H 1
| /* end confdefs.h.  */
| #include <stdio.h>
| #ifdef HAVE_SYS_TYPES_H
| # include <sys/types.h>
| #endif
| #ifdef HAVE_SYS_STAT_H
| # include <sys/stat.h>
| #endif
| #ifdef STDC_HEADERS
| # include <stdlib.h>
| # include <stddef.h>
| #else
| # ifdef HAVE_STDLIB_H
| #  include <stdlib.h>
| # endif
| #endif
| #ifdef HAVE_STRING_H
| # if !defined STDC_HEADERS && defined HAVE_MEMORY_H
| #  include <memory.h>
| # endif
| # include <string.h>
| #endif
| #ifdef HAVE_STRINGS_H
| # include <strings.h>
| #endif
| #ifdef HAVE_INTTYPES_H
| # include <inttypes.h>
| #endif
| #ifdef HAVE_STDINT_H
| # include <stdint.h>
| #endif
| #ifdef HAVE_UNISTD_H
| # include <unistd.h>
| #endif
| 	        enum { N = 64 / 2 - 1 };
| int
| main ()
| {
| static int test_array [1 - 2 * !((int64_t) (((((int64_t) 1 << N) << N) - 1) * 2 + 1)
| 		 < (int64_t) (((((int64_t) 1 << N) << N) - 1) * 2 + 2))];
| test_array [0] = 0
| 
|   ;
|   return 0;
| }
configure:5256: result: yes
configure:5267: checking for int8_t
configure:5267: gcc -c -g -O2  conftest.c >&5
configure:5267: $? = 0
configure:5267: gcc -c -g -O2  conftest.c >&5
conftest.c: In function 'main':
conftest.c:76:12: error: size of array 'test_array' is negative
 static int test_array [1 - 2 * !((int8_t) (((((int8_t) 1 << N) << N) - 1) * 2 + 1)
            ^
configure:5267: $? = 1
configure: failed program was:
| /* confdefs.h */
| #define PACKAGE_NAME "FASTQuick"
| #define PACKAGE_TARNAME "fastquick"
| #define PACKAGE_VERSION "0.0.1"
| #define PACKAGE_STRING "FASTQuick 0.0.1"
| #define PACKAGE_BUGREPORT "fanzhang@umich.edu"
| #define PACKAGE_URL ""
| #define PACKAGE "fastquick"
| #define VERSION "0.0.1"
| #define HAVE_LIBCRYPTO 1
| #define HAVE_LIBM 1
| #define HAVE_LIBPTHREAD 1
| #define HAVE_LIBSSL 1
| #define HAVE_LIBZ 1
| #define STDC_HEADERS 1
| #define HAVE_SYS_TYPES_H 1
| #define HAVE_SYS_STAT_H 1
| #define HAVE_STDLIB_H 1
| #define HAVE_STRING_H 1
| #define HAVE_MEMORY_H 1
| #define HAVE_STRINGS_H 1
| #define HAVE_INTTYPES_H 1
| #define HAVE_STDINT_H 1
| #define HAVE_UNISTD_H 1
| #define HAVE_ARPA_INET_H 1
| #define HAVE_FCNTL_H 1
| #define HAVE_LIMITS_H 1
| #define HAVE_NETDB_H 1
| #define HAVE_STDDEF_H 1
| #define HAVE_STDINT_H 1
| #define HAVE_STDLIB_H 1
| #define HAVE_STRING_H 1
| #define HAVE_SYS_SOCKET_H 1
| #define HAVE_SYS_TIME_H 1
| #define HAVE_UNISTD_H 1
| #define HAVE__BOOL 1
| #define HAVE_STDBOOL_H 1
| /* end confdefs.h.  */
| #include <stdio.h>
| #ifdef HAVE_SYS_TYPES_H
| # include <sys/types.h>
| #endif
| #ifdef HAVE_SYS_STAT_H
| # include <sys/stat.h>
| #endif
| #ifdef STDC_HEADERS
| # include <stdlib.h>
| # include <stddef.h>
| #else
| # ifdef HAVE_STDLIB_H
| #  include <stdlib.h>
| # endif
| #endif
| #ifdef HAVE_STRING_H
| # if !defined STDC_HEADERS && defined HAVE_MEMORY_H
| #  include <memory.h>
| # endif
| # include <string.h>
| #endif
| #ifdef HAVE_STRINGS_H
| # include <strings.h>
| #endif
| #ifdef HAVE_INTTYPES_H
| # include <inttypes.h>
| #endif
| #ifdef HAVE_STDINT_H
| # include <stdint.h>
| #endif
| #ifdef HAVE_UNISTD_H
| # include <unistd.h>
| #endif
| 	        enum { N = 8 / 2 - 1 };
| int
| main ()
| {
| static int test_array [1 - 2 * !((int8_t) (((((int8_t) 1 << N) << N) - 1) * 2 + 1)
| 		 < (int8_t) (((((int8_t) 1 << N) << N) - 1) * 2 + 2))];
| test_array [0] = 0
| 
|   ;
|   return 0;
| }
configure:5267: result: yes
configure:5278: checking for off_t
configure:5278: gcc -c -g -O2  conftest.c >&5
configure:5278: $? = 0
configure:5278: gcc -c -g -O2  conftest.c >&5
conftest.c: In function 'main':
conftest.c:75:20: error: expected expression before ')' token
 if (sizeof ((off_t)))
                    ^
configure:5278: $? = 1
configure: failed program was:
| /* confdefs.h */
| #define PACKAGE_NAME "FASTQuick"
| #define PACKAGE_TARNAME "fastquick"
| #define PACKAGE_VERSION "0.0.1"
| #define PACKAGE_STRING "FASTQuick 0.0.1"
| #define PACKAGE_BUGREPORT "fanzhang@umich.edu"
| #define PACKAGE_URL ""
| #define PACKAGE "fastquick"
| #define VERSION "0.0.1"
| #define HAVE_LIBCRYPTO 1
| #define HAVE_LIBM 1
| #define HAVE_LIBPTHREAD 1
| #define HAVE_LIBSSL 1
| #define HAVE_LIBZ 1
| #define STDC_HEADERS 1
| #define HAVE_SYS_TYPES_H 1
| #define HAVE_SYS_STAT_H 1
| #define HAVE_STDLIB_H 1
| #define HAVE_STRING_H 1
| #define HAVE_MEMORY_H 1
| #define HAVE_STRINGS_H 1
| #define HAVE_INTTYPES_H 1
| #define HAVE_STDINT_H 1
| #define HAVE_UNISTD_H 1
| #define HAVE_ARPA_INET_H 1
| #define HAVE_FCNTL_H 1
| #define HAVE_LIMITS_H 1
| #define HAVE_NETDB_H 1
| #define HAVE_STDDEF_H 1
| #define HAVE_STDINT_H 1
| #define HAVE_STDLIB_H 1
| #define HAVE_STRING_H 1
| #define HAVE_SYS_SOCKET_H 1
| #define HAVE_SYS_TIME_H 1
| #define HAVE_UNISTD_H 1
| #define HAVE__BOOL 1
| #define HAVE_STDBOOL_H 1
| /* end confdefs.h.  */
| #include <stdio.h>
| #ifdef HAVE_SYS_TYPES_H
| # include <sys/types.h>
| #endif
| #ifdef HAVE_SYS_STAT_H
| # include <sys/stat.h>
| #endif
| #ifdef STDC_HEADERS
| # include <stdlib.h>
| # include <stddef.h>
| #else
| # ifdef HAVE_STDLIB_H
| #  include <stdlib.h>
| # endif
| #endif
| #ifdef HAVE_STRING_H
| # if !defined STDC_HEADERS && defined HAVE_MEMORY_H
| #  include <memory.h>
| # endif
| # include <string.h>
| #endif
| #ifdef HAVE_STRINGS_H
| # include <strings.h>
| #endif
| #ifdef HAVE_INTTYPES_H
| # include <inttypes.h>
| #endif
| #ifdef HAVE_STDINT_H
| # include <stdint.h>
| #endif
| #ifdef HAVE_UNISTD_H
| # include <unistd.h>
| #endif
| int
| main ()
| {
| if (sizeof ((off_t)))
| 	    return 0;
|   ;
|   return 0;
| }
configure:5278: result: yes
configure:5289: checking for size_t
configure:5289: gcc -c -g -O2  conftest.c >&5
configure:5289: $? = 0
configure:5289: gcc -c -g -O2  conftest.c >&5
conftest.c: In function 'main':
conftest.c:75:21: error: expected expression before ')' token
 if (sizeof ((size_t)))
                     ^
configure:5289: $? = 1
configure: failed program was:
| /* confdefs.h */
| #define PACKAGE_NAME "FASTQuick"
| #define PACKAGE_TARNAME "fastquick"
| #define PACKAGE_VERSION "0.0.1"
| #define PACKAGE_STRING "FASTQuick 0.0.1"
| #define PACKAGE_BUGREPORT "fanzhang@umich.edu"
| #define PACKAGE_URL ""
| #define PACKAGE "fastquick"
| #define VERSION "0.0.1"
| #define HAVE_LIBCRYPTO 1
| #define HAVE_LIBM 1
| #define HAVE_LIBPTHREAD 1
| #define HAVE_LIBSSL 1
| #define HAVE_LIBZ 1
| #define STDC_HEADERS 1
| #define HAVE_SYS_TYPES_H 1
| #define HAVE_SYS_STAT_H 1
| #define HAVE_STDLIB_H 1
| #define HAVE_STRING_H 1
| #define HAVE_MEMORY_H 1
| #define HAVE_STRINGS_H 1
| #define HAVE_INTTYPES_H 1
| #define HAVE_STDINT_H 1
| #define HAVE_UNISTD_H 1
| #define HAVE_ARPA_INET_H 1
| #define HAVE_FCNTL_H 1
| #define HAVE_LIMITS_H 1
| #define HAVE_NETDB_H 1
| #define HAVE_STDDEF_H 1
| #define HAVE_STDINT_H 1
| #define HAVE_STDLIB_H 1
| #define HAVE_STRING_H 1
| #define HAVE_SYS_SOCKET_H 1
| #define HAVE_SYS_TIME_H 1
| #define HAVE_UNISTD_H 1
| #define HAVE__BOOL 1
| #define HAVE_STDBOOL_H 1
| /* end confdefs.h.  */
| #include <stdio.h>
| #ifdef HAVE_SYS_TYPES_H
| # include <sys/types.h>
| #endif
| #ifdef HAVE_SYS_STAT_H
| # include <sys/stat.h>
| #endif
| #ifdef STDC_HEADERS
| # include <stdlib.h>
| # include <stddef.h>
| #else
| # ifdef HAVE_STDLIB_H
| #  include <stdlib.h>
| # endif
| #endif
| #ifdef HAVE_STRING_H
| # if !defined STDC_HEADERS && defined HAVE_MEMORY_H
| #  include <memory.h>
| # endif
| # include <string.h>
| #endif
| #ifdef HAVE_STRINGS_H
| # include <strings.h>
| #endif
| #ifdef HAVE_INTTYPES_H
| # include <inttypes.h>
| #endif
| #ifdef HAVE_STDINT_H
| # include <stdint.h>
| #endif
| #ifdef HAVE_UNISTD_H
| # include <unistd.h>
| #endif
| int
| main ()
| {
| if (sizeof ((size_t)))
| 	    return 0;
|   ;
|   return 0;
| }
configure:5289: result: yes
configure:5300: checking for ssize_t
configure:5300: gcc -c -g -O2  conftest.c >&5
configure:5300: $? = 0
configure:5300: gcc -c -g -O2  conftest.c >&5
conftest.c: In function 'main':
conftest.c:75:22: error: expected expression before ')' token
 if (sizeof ((ssize_t)))
                      ^
configure:5300: $? = 1
configure: failed program was:
| /* confdefs.h */
| #define PACKAGE_NAME "FASTQuick"
| #define PACKAGE_TARNAME "fastquick"
| #define PACKAGE_VERSION "0.0.1"
| #define PACKAGE_STRING "FASTQuick 0.0.1"
| #define PACKAGE_BUGREPORT "fanzhang@umich.edu"
| #define PACKAGE_URL ""
| #define PACKAGE "fastquick"
| #define VERSION "0.0.1"
| #define HAVE_LIBCRYPTO 1
| #define HAVE_LIBM 1
| #define HAVE_LIBPTHREAD 1
| #define HAVE_LIBSSL 1
| #define HAVE_LIBZ 1
| #define STDC_HEADERS 1
| #define HAVE_SYS_TYPES_H 1
| #define HAVE_SYS_STAT_H 1
| #define HAVE_STDLIB_H 1
| #define HAVE_STRING_H 1
| #define HAVE_MEMORY_H 1
| #define HAVE_STRINGS_H 1
| #define HAVE_INTTYPES_H 1
| #define HAVE_STDINT_H 1
| #define HAVE_UNISTD_H 1
| #define HAVE_ARPA_INET_H 1
| #define HAVE_FCNTL_H 1
| #define HAVE_LIMITS_H 1
| #define HAVE_NETDB_H 1
| #define HAVE_STDDEF_H 1
| #define HAVE_STDINT_H 1
| #define HAVE_STDLIB_H 1
| #define HAVE_STRING_H 1
| #define HAVE_SYS_SOCKET_H 1
| #define HAVE_SYS_TIME_H 1
| #define HAVE_UNISTD_H 1
| #define HAVE__BOOL 1
| #define HAVE_STDBOOL_H 1
| /* end confdefs.h.  */
| #include <stdio.h>
| #ifdef HAVE_SYS_TYPES_H
| # include <sys/types.h>
| #endif
| #ifdef HAVE_SYS_STAT_H
| # include <sys/stat.h>
| #endif
| #ifdef STDC_HEADERS
| # include <stdlib.h>
| # include <stddef.h>
| #else
| # ifdef HAVE_STDLIB_H
| #  include <stdlib.h>
| # endif
| #endif
| #ifdef HAVE_STRING_H
| # if !defined STDC_HEADERS && defined HAVE_MEMORY_H
| #  include <memory.h>
| # endif
| # include <string.h>
| #endif
| #ifdef HAVE_STRINGS_H
| # include <strings.h>
| #endif
| #ifdef HAVE_INTTYPES_H
| # include <inttypes.h>
| #endif
| #ifdef HAVE_STDINT_H
| # include <stdint.h>
| #endif
| #ifdef HAVE_UNISTD_H
| # include <unistd.h>
| #endif
| int
| main ()
| {
| if (sizeof ((ssize_t)))
| 	    return 0;
|   ;
|   return 0;
| }
configure:5300: result: yes
configure:5311: checking for uint16_t
configure:5311: gcc -c -g -O2  conftest.c >&5
configure:5311: $? = 0
configure:5311: result: yes
configure:5323: checking for uint32_t
configure:5323: gcc -c -g -O2  conftest.c >&5
configure:5323: $? = 0
configure:5323: result: yes
configure:5337: checking for uint64_t
configure:5337: gcc -c -g -O2  conftest.c >&5
configure:5337: $? = 0
configure:5337: result: yes
configure:5351: checking for uint8_t
configure:5351: gcc -c -g -O2  conftest.c >&5
configure:5351: $? = 0
configure:5351: result: yes
configure:5367: checking for error_at_line
configure:5383: gcc -o conftest -g -O2   conftest.c -lz -lssl -lpthread -lm -lcrypto  >&5
configure:5383: $? = 0
configure:5391: result: yes
configure:5402: checking for _LARGEFILE_SOURCE value needed for large files
configure:5421: gcc -o conftest -g -O2   conftest.c -lz -lssl -lpthread -lm -lcrypto  >&5
configure:5421: $? = 0
configure:5449: result: no
configure:5472: checking for stdlib.h
configure:5472: result: yes
configure:5482: checking for GNU libc compatible malloc
configure:5506: gcc -o conftest -g -O2   conftest.c -lz -lssl -lpthread -lm -lcrypto  >&5
configure:5506: $? = 0
configure:5506: ./conftest
configure:5506: $? = 0
configure:5516: result: yes
configure:5543: checking for stdlib.h
configure:5543: result: yes
configure:5543: checking for unistd.h
configure:5543: result: yes
configure:5543: checking for sys/param.h
configure:5543: gcc -c -g -O2  conftest.c >&5
configure:5543: $? = 0
configure:5543: result: yes
configure:5563: checking for getpagesize
configure:5563: gcc -o conftest -g -O2   conftest.c -lz -lssl -lpthread -lm -lcrypto  >&5
configure:5563: $? = 0
configure:5563: result: yes
configure:5572: checking for working mmap
configure:5719: gcc -o conftest -g -O2   conftest.c -lz -lssl -lpthread -lm -lcrypto  >&5
configure:5719: $? = 0
configure:5719: ./conftest
configure:5719: $? = 0
configure:5729: result: yes
configure:5740: checking for stdlib.h
configure:5740: result: yes
configure:5750: checking for GNU libc compatible realloc
configure:5774: gcc -o conftest -g -O2   conftest.c -lz -lssl -lpthread -lm -lcrypto  >&5
configure:5774: $? = 0
configure:5774: ./conftest
configure:5774: $? = 0
configure:5784: result: yes
configure:5805: checking for working strtod
configure:5846: gcc -o conftest -g -O2   conftest.c -lz -lssl -lpthread -lm -lcrypto  >&5
conftest.c: In function 'main':
conftest.c:104:12: warning: ignoring return value of 'strtod', declared with attribute warn_unused_result [-Wunused-result]
     strtod (string, &term);
            ^
configure:5846: $? = 0
configure:5846: ./conftest
configure:5846: $? = 0
configure:5856: result: yes
configure:5921: checking for atexit
configure:5921: gcc -o conftest -g -O2   conftest.c -lz -lssl -lpthread -lm -lcrypto  >&5
configure:5921: $? = 0
configure:5921: result: yes
configure:5921: checking for floor
configure:5921: gcc -o conftest -g -O2   conftest.c -lz -lssl -lpthread -lm -lcrypto  >&5
conftest.c:73:6: warning: conflicting types for built-in function 'floor' [enabled by default]
 char floor ();
      ^
configure:5921: $? = 0
configure:5921: result: yes
configure:5921: checking for gethostbyaddr
configure:5921: gcc -o conftest -g -O2   conftest.c -lz -lssl -lpthread -lm -lcrypto  >&5
configure:5921: $? = 0
configure:5921: result: yes
configure:5921: checking for gethostbyname
configure:5921: gcc -o conftest -g -O2   conftest.c -lz -lssl -lpthread -lm -lcrypto  >&5
configure:5921: $? = 0
configure:5921: result: yes
configure:5921: checking for gethostname
configure:5921: gcc -o conftest -g -O2   conftest.c -lz -lssl -lpthread -lm -lcrypto  >&5
configure:5921: $? = 0
configure:5921: result: yes
configure:5921: checking for getpagesize
configure:5921: result: yes
configure:5921: checking for gettimeofday
configure:5921: gcc -o conftest -g -O2   conftest.c -lz -lssl -lpthread -lm -lcrypto  >&5
configure:5921: $? = 0
configure:5921: result: yes
configure:5921: checking for memmove
configure:5921: gcc -o conftest -g -O2   conftest.c -lz -lssl -lpthread -lm -lcrypto  >&5
conftest.c:79:6: warning: conflicting types for built-in function 'memmove' [enabled by default]
 char memmove ();
      ^
configure:5921: $? = 0
configure:5921: result: yes
configure:5921: checking for memset
configure:5921: gcc -o conftest -g -O2   conftest.c -lz -lssl -lpthread -lm -lcrypto  >&5
conftest.c:80:6: warning: conflicting types for built-in function 'memset' [enabled by default]
 char memset ();
      ^
configure:5921: $? = 0
configure:5921: result: yes
configure:5921: checking for munmap
configure:5921: gcc -o conftest -g -O2   conftest.c -lz -lssl -lpthread -lm -lcrypto  >&5
configure:5921: $? = 0
configure:5921: result: yes
configure:5921: checking for pow
configure:5921: gcc -o conftest -g -O2   conftest.c -lz -lssl -lpthread -lm -lcrypto  >&5
conftest.c:82:6: warning: conflicting types for built-in function 'pow' [enabled by default]
 char pow ();
      ^
configure:5921: $? = 0
configure:5921: result: yes
configure:5921: checking for select
configure:5921: gcc -o conftest -g -O2   conftest.c -lz -lssl -lpthread -lm -lcrypto  >&5
configure:5921: $? = 0
configure:5921: result: yes
configure:5921: checking for socket
configure:5921: gcc -o conftest -g -O2   conftest.c -lz -lssl -lpthread -lm -lcrypto  >&5
configure:5921: $? = 0
configure:5921: result: yes
configure:5921: checking for sqrt
configure:5921: gcc -o conftest -g -O2   conftest.c -lz -lssl -lpthread -lm -lcrypto  >&5
conftest.c:85:6: warning: conflicting types for built-in function 'sqrt' [enabled by default]
 char sqrt ();
      ^
configure:5921: $? = 0
configure:5921: result: yes
configure:5921: checking for strchr
configure:5921: gcc -o conftest -g -O2   conftest.c -lz -lssl -lpthread -lm -lcrypto  >&5
conftest.c:86:6: warning: conflicting types for built-in function 'strchr' [enabled by default]
 char strchr ();
      ^
configure:5921: $? = 0
configure:5921: result: yes
configure:5921: checking for strdup
configure:5921: gcc -o conftest -g -O2   conftest.c -lz -lssl -lpthread -lm -lcrypto  >&5
conftest.c:87:6: warning: conflicting types for built-in function 'strdup' [enabled by default]
 char strdup ();
      ^
configure:5921: $? = 0
configure:5921: result: yes
configure:5921: checking for strerror
configure:5921: gcc -o conftest -g -O2   conftest.c -lz -lssl -lpthread -lm -lcrypto  >&5
configure:5921: $? = 0
configure:5921: result: yes
configure:5921: checking for strrchr
configure:5921: gcc -o conftest -g -O2   conftest.c -lz -lssl -lpthread -lm -lcrypto  >&5
conftest.c:89:6: warning: conflicting types for built-in function 'strrchr' [enabled by default]
 char strrchr ();
      ^
configure:5921: $? = 0
configure:5921: result: yes
configure:5921: checking for strstr
configure:5921: gcc -o conftest -g -O2   conftest.c -lz -lssl -lpthread -lm -lcrypto  >&5
conftest.c:90:6: warning: conflicting types for built-in function 'strstr' [enabled by default]
 char strstr ();
      ^
configure:5921: $? = 0
configure:5921: result: yes
configure:5921: checking for strtol
configure:5921: gcc -o conftest -g -O2   conftest.c -lz -lssl -lpthread -lm -lcrypto  >&5
configure:5921: $? = 0
configure:5921: result: yes
configure:5921: checking for strtoul
configure:5921: gcc -o conftest -g -O2   conftest.c -lz -lssl -lpthread -lm -lcrypto  >&5
configure:5921: $? = 0
configure:5921: result: yes
configure:6067: creating ./config.status

## ---------------------- ##
## Running config.status. ##
## ---------------------- ##

This file was extended by FASTQuick config.status 0.0.1, which was
generated by GNU Autoconf 2.68.  Invocation command line was

  CONFIG_FILES    = 
  CONFIG_HEADERS  = 
  CONFIG_LINKS    = 
  CONFIG_COMMANDS = 
  $ ./config.status 

on 1000g

config.status:921: creating Makefile
config.status:921: creating libbwa/Makefile
config.status:921: creating libmpu/Makefile
config.status:921: creating misc/Makefile
config.status:921: creating src/Makefile
config.status:921: creating config.h
config.status:1102: config.h is unchanged
config.status:1150: executing depfiles commands

## ---------------- ##
## Cache variables. ##
## ---------------- ##


## ----------------- ##
## Output variables. ##
## ----------------- ##

ACLOCAL='${SHELL} /net/wonderland/home/fanzhang/WorkingSpace/data/5.FastA/src_20151026_deadline_version/FASTQuick/missing --run aclocal-1.11'
AMDEPBACKSLASH='\'
AMDEP_FALSE='#'
AMDEP_TRUE=''
AMTAR='$${TAR-tar}'
AUTOCONF='${SHELL} /net/wonderland/home/fanzhang/WorkingSpace/data/5.FastA/src_20151026_deadline_version/FASTQuick/missing --run autoconf'
AUTOHEADER='${SHELL} /net/wonderland/home/fanzhang/WorkingSpace/data/5.FastA/src_20151026_deadline_version/FASTQuick/missing --run autoheader'
AUTOMAKE='${SHELL} /net/wonderland/home/fanzhang/WorkingSpace/data/5.FastA/src_20151026_deadline_version/FASTQuick/missing --run automake-1.11'
AWK='gawk'
CC='gcc'
CCDEPMODE='depmode=gcc3'
CFLAGS='-g -O2'
CPP='gcc -E'
CPPFLAGS=''
CXX='g++'
CXXDEPMODE='depmode=gcc3'
CXXFLAGS='-g -O2'
CYGPATH_W='echo'
DEFS='-DHAVE_CONFIG_H'
DEPDIR='.deps'
ECHO_C=''
ECHO_N='-n'
ECHO_T=''
EGREP='/bin/grep -E'
EXEEXT=''
GREP='/bin/grep'
INSTALL_DATA='${INSTALL} -m 644'
INSTALL_PROGRAM='${INSTALL}'
INSTALL_SCRIPT='${INSTALL}'
INSTALL_STRIP_PROGRAM='$(install_sh) -c -s'
LDFLAGS=''
LIBOBJS=''
LIBS='-lz -lssl -lpthread -lm -lcrypto '
LTLIBOBJS=''
MAKEINFO='${SHELL} /net/wonderland/home/fanzhang/WorkingSpace/data/5.FastA/src_20151026_deadline_version/FASTQuick/missing --run makeinfo'
MKDIR_P='/bin/mkdir -p'
OBJEXT='o'
PACKAGE='fastquick'
PACKAGE_BUGREPORT='fanzhang@umich.edu'
PACKAGE_NAME='FASTQuick'
PACKAGE_STRING='FASTQuick 0.0.1'
PACKAGE_TARNAME='fastquick'
PACKAGE_URL=''
PACKAGE_VERSION='0.0.1'
PATH_SEPARATOR=':'
POW_LIB=''
RANLIB='ranlib'
SET_MAKE=''
SHELL='/bin/sh'
STRIP=''
VERSION='0.0.1'
ac_ct_CC='gcc'
ac_ct_CXX='g++'
am__EXEEXT_FALSE=''
am__EXEEXT_TRUE='#'
am__fastdepCC_FALSE='#'
am__fastdepCC_TRUE=''
am__fastdepCXX_FALSE='#'
am__fastdepCXX_TRUE=''
am__include='include'
am__isrc=''
am__leading_dot='.'
am__nodep='_no'
am__quote=''
am__tar='$${TAR-tar} chof - "$$tardir"'
am__untar='$${TAR-tar} xf -'
bindir='${exec_prefix}/bin'
build_alias=''
datadir='${datarootdir}'
datarootdir='${prefix}/share'
docdir='${datarootdir}/doc/${PACKAGE_TARNAME}'
dvidir='${docdir}'
exec_prefix='${prefix}'
host_alias=''
htmldir='${docdir}'
includedir='${prefix}/include'
infodir='${datarootdir}/info'
install_sh='${SHELL} /net/wonderland/home/fanzhang/WorkingSpace/data/5.FastA/src_20151026_deadline_version/FASTQuick/install-sh'
libdir='${exec_prefix}/lib'
libexecdir='${exec_prefix}/libexec'
localedir='${datarootdir}/locale'
localstatedir='${prefix}/var'
mandir='${datarootdir}/man'
mkdir_p='/bin/mkdir -p'
oldincludedir='/usr/include'
pdfdir='${docdir}'
prefix='/usr/local'
program_transform_name='s,x,x,'
psdir='${docdir}'
sbindir='${exec_prefix}/sbin'
sharedstatedir='${prefix}/com'
sysconfdir='${prefix}/etc'
target_alias=''

## ----------- ##
## confdefs.h. ##
## ----------- ##

/* confdefs.h */
#define PACKAGE_NAME "FASTQuick"
#define PACKAGE_TARNAME "fastquick"
#define PACKAGE_VERSION "0.0.1"
#define PACKAGE_STRING "FASTQuick 0.0.1"
#define PACKAGE_BUGREPORT "fanzhang@umich.edu"
#define PACKAGE_URL ""
#define PACKAGE "fastquick"
#define VERSION "0.0.1"
#define HAVE_LIBCRYPTO 1
#define HAVE_LIBM 1
#define HAVE_LIBPTHREAD 1
#define HAVE_LIBSSL 1
#define HAVE_LIBZ 1
#define STDC_HEADERS 1
#define HAVE_SYS_TYPES_H 1
#define HAVE_SYS_STAT_H 1
#define HAVE_STDLIB_H 1
#define HAVE_STRING_H 1
#define HAVE_MEMORY_H 1
#define HAVE_STRINGS_H 1
#define HAVE_INTTYPES_H 1
#define HAVE_STDINT_H 1
#define HAVE_UNISTD_H 1
#define HAVE_ARPA_INET_H 1
#define HAVE_FCNTL_H 1
#define HAVE_LIMITS_H 1
#define HAVE_NETDB_H 1
#define HAVE_STDDEF_H 1
#define HAVE_STDINT_H 1
#define HAVE_STDLIB_H 1
#define HAVE_STRING_H 1
#define HAVE_SYS_SOCKET_H 1
#define HAVE_SYS_TIME_H 1
#define HAVE_UNISTD_H 1
#define HAVE__BOOL 1
#define HAVE_STDBOOL_H 1
#define HAVE_FSEEKO 1
#define HAVE_STDLIB_H 1
#define HAVE_MALLOC 1
#define HAVE_STDLIB_H 1
#define HAVE_UNISTD_H 1
#define HAVE_SYS_PARAM_H 1
#define HAVE_GETPAGESIZE 1
#define HAVE_MMAP 1
#define HAVE_STDLIB_H 1
#define HAVE_REALLOC 1
#define HAVE_ATEXIT 1
#define HAVE_FLOOR 1
#define HAVE_GETHOSTBYADDR 1
#define HAVE_GETHOSTBYNAME 1
#define HAVE_GETHOSTNAME 1
#define HAVE_GETPAGESIZE 1
#define HAVE_GETTIMEOFDAY 1
#define HAVE_MEMMOVE 1
#define HAVE_MEMSET 1
#define HAVE_MUNMAP 1
#define HAVE_POW 1
#define HAVE_SELECT 1
#define HAVE_SOCKET 1
#define HAVE_SQRT 1
#define HAVE_STRCHR 1
#define HAVE_STRDUP 1
#define HAVE_STRERROR 1
#define HAVE_STRRCHR 1
#define HAVE_STRSTR 1
#define HAVE_STRTOL 1
#define HAVE_STRTOUL 1

configure: exit 0

## ---------------------- ##
## Running config.status. ##
## ---------------------- ##

This file was extended by FASTQuick config.status 0.0.1, which was
generated by GNU Autoconf 2.68.  Invocation command line was

  CONFIG_FILES    = 
  CONFIG_HEADERS  = 
  CONFIG_LINKS    = 
  CONFIG_COMMANDS = 
  $ ./config.status Makefile

on 1000g

config.status:921: creating Makefile
