HG00096 0.0149679979797953 0.0430272025721687
HG00097 0.0144553471943527 0.0450772694769315
HG00099 0.0153495578234092 0.0448961071851412
HG00100 0.0139305515373776 0.0428703742650463
HG00101 0.0150737080194073 0.0431618745720223
HG00102 0.0146653406468349 0.0418547403688428
HG00103 0.0158527713130978 0.0429591282317508
HG00104 0.01505741034787 0.0415417537043812
HG00106 0.0144038144264222 0.0424320550956705
HG00108 0.0154799070402115 0.0436721823362727
HG00109 0.0150448648896891 0.0412749049339084
HG00110 0.0154877411469747 0.0411831486892075
HG00111 0.0148639654160917 0.0419846555032986
HG00112 0.0145088612092094 0.041373520681006
HG00113 0.0146793645300846 0.0422504043705764
HG00114 0.0153378678668212 0.042390071152535
HG00116 0.0161830153443098 0.0448683199898589
HG00117 0.0149828279187651 0.0415894878947895
HG00118 0.0152147763766294 0.041492382306631
HG00119 0.0154995548397053 0.0418139919798455
HG00120 0.0143395795407764 0.0457420168273755
HG00121 0.0160418812513827 0.0427220274888484
HG00122 0.0145581408729474 0.0428915810794003
HG00123 0.0155295106462951 0.0418719048902802
HG00124 0.0155610381455991 0.043014610400875
HG00125 0.0152595165275223 0.0427325284577967
HG00126 0.0148027038239603 0.0430217194786329
HG00127 0.0151050245919841 0.0417075003391864
HG00128 0.0156295368581514 0.0427550573240239
HG00129 0.0152827223290615 0.0438727053275111
HG00130 0.0150642560193517 0.0416333877439915
HG00131 0.0154287293062973 0.0411166586608189
HG00133 0.0155062483257439 0.0419406965237648
HG00134 0.014374400593132 0.0452758090085142
HG00135 0.0154021583089484 0.0443177012380958
HG00136 0.0145772586934145 0.0432028088080548
HG00137 0.0150785455007612 0.0443671688685975
HG00138 0.0127187034503432 0.0447669396272333
HG00139 0.0148556102383942 0.0443433492150207
HG00140 0.0153861686960256 0.0433088790291514
HG00141 0.0154235196590144 0.0431749859748645
HG00142 0.014833663069928 0.0426772448239245
HG00143 0.0129829437071614 0.0428297090794883
HG00146 0.0159070842982593 0.0414905025690709
HG00148 0.015898335079729 0.0414143864340435
HG00149 0.0160669402610101 0.0431445527319423
HG00150 0.0148292702019795 0.0410068890538449
HG00151 0.0139510273833729 0.042262217216045
HG00152 0.0155363668470827 0.0440969133286123
HG00154 0.0153471571106425 0.0423551806872015
HG00155 0.0151830071017085 0.0427315658273756
HG00156 0.0157896574837851 0.0436289327908991
HG00158 0.0153832656590469 0.0423059147412835
HG00159 0.0153274108576388 0.0434415834177316
HG00160 0.0153730272553411 0.0446879175444587
HG00171 0.0180000421873309 0.037415126855185
HG00173 0.0159179672360304 0.0374232543866927
HG00174 0.0152398592942375 0.0394072057538688
HG00176 0.0156818864693499 0.0392835963800623
HG00177 0.0162513391957423 0.0368041474901861
HG00178 0.0177174734740171 0.0356883332902881
HG00179 0.0160296441458588 0.0360599752081732
HG00180 0.0169788128414213 0.0361656888373445
HG00182 0.0161094866345783 0.0391681382003033
HG00183 0.0167292014552347 0.0376364364765915
HG00185 0.0194581878547437 0.0341314744765782
HG00186 0.0165177045460596 0.0351092413248076
HG00187 0.0177061328967569 0.0370537695123078
HG00188 0.0167626359037155 0.0382068983908878
HG00189 0.0177859100902852 0.0373436306115247
HG00190 0.0150295101027208 0.0389885721536252
HG00231 0.0146475757544317 0.0408079993929317
HG00232 0.0157201315771728 0.0454073654023945
HG00233 0.014901612136668 0.0421187826401795
HG00234 0.015550247565562 0.0437980108356954
HG00235 0.0144567266899619 0.0423032402190358
HG00236 0.0147239661608703 0.0445386219359089
HG00237 0.0155661031890763 0.0430106587124325
HG00238 0.015323216432524 0.040336688122878
HG00239 0.0138406061310086 0.0452388313004269
HG00240 0.0152554630140254 0.0446874292585132
HG00242 0.015509413889266 0.0424424958342087
HG00243 0.0155968630259544 0.0411971488757406
HG00244 0.0155528664390321 0.0416282689181738
HG00245 0.0154878572031047 0.0410281615927379
HG00246 0.0153467162382323 0.0428546270103203
HG00247 0.0144617541147716 0.0435520017833144
HG00249 0.0148820110985461 0.0416539099970601
HG00250 0.0161856231779112 0.043104835623693
HG00251 0.0151911018730468 0.0424462530177533
HG00252 0.0147759182623037 0.0407458692788888
HG00253 0.0148827070202644 0.0416987713362934
HG00254 0.0147506146553201 0.0450407008065744
HG00255 0.0155087033130053 0.0417825867516382
HG00256 0.0151894023498944 0.0438040002652981
HG00257 0.0145426875784911 0.0431420100959894
HG00258 0.0151855781036267 0.04225622638127
HG00259 0.0153980576853084 0.0432182157941728
HG00260 0.0151767062008406 0.0450313312977494
HG00261 0.0157494212176241 0.0443391754984736
HG00262 0.015188382205378 0.0428732892435428
HG00263 0.0163373201955244 0.0427348551229192
HG00264 0.0157417537362845 0.0432422393937897
HG00265 0.0169001112476772 0.0442896183175341
HG00266 0.0163319952967186 0.0380253952212709
HG00267 0.0208486275274339 0.020311006447355
HG00268 0.0165433531625535 0.0384035701768814
HG00269 0.0173935391364962 0.0380587791491039
HG00270 0.015769285339427 0.0402267325961983
HG00271 0.0181538809213837 0.0361582709351653
HG00272 0.0174340271520081 0.0351671249859365
HG00273 0.0170821138404956 0.0394034214157638
HG00274 0.017475622161033 0.0389749178185272
HG00275 0.0163543643963444 0.0379625484155481
HG00276 0.0160141701534202 0.0388332821659263
HG00277 0.0166323360477669 0.0402775969537046
HG00278 0.0165326341687832 0.0350481172704327
HG00280 0.0156079110301992 0.0374133979531788
HG00281 0.0169275972112906 0.0359108480539354
HG00282 0.0169649114373229 0.0361293836715222
HG00284 0.0177016837472632 0.0387413529454897
HG00285 0.0169688318741087 0.0369867333558383
HG00306 0.0161941453532467 0.039645652297458
HG00309 0.0169399134879458 0.0382814039731795
HG00310 0.0153696680859248 0.0397564140176602
HG00311 0.0167993323645391 0.0391098475153027
HG00312 0.0169624055017467 0.0360704309348981
HG00313 0.0161137431060944 0.0372160742268449
HG00315 0.0180956068298971 0.0384922070483755
HG00318 0.0172017336935677 0.0376156851400706
HG00319 0.0149484175163678 0.037967496925353
HG00320 0.0175963013875238 0.0363885423694274
HG00321 0.0175293816908998 0.0383941988547825
HG00323 0.0160845225796594 0.0352887568075131
HG00324 0.0168633338629596 0.0360016479026089
HG00325 0.0170365331628664 0.0344598664316929
HG00326 0.0166613823809891 0.0377878141997795
HG00327 0.0165930635397777 0.0357050482443039
HG00328 0.0169841240131903 0.0392720845859419
HG00329 0.0160481374198601 0.0382502269168578
HG00330 0.0169356730899342 0.0364516011337442
HG00331 0.0168734315349375 0.0389449414218512
HG00332 0.0172576753308822 0.0362423103019094
HG00334 0.0150230719944131 0.0390521258798738
HG00335 0.0172947667467257 0.0381318392550899
HG00336 0.0173689321606731 0.0370673441390364
HG00337 0.0151561151855187 0.0389942157411384
HG00338 0.0164922802740186 0.0388604015346308
HG00339 0.0165330501706147 0.0396374995150845
HG00341 0.0151647693147732 0.0370871095941468
HG00342 0.0170463594995206 0.0354591330378095
HG00343 0.0157219292645129 0.0372947181175485
HG00344 0.0162314305733972 0.0401170579236883
HG00345 0.0161675558162344 0.0369088912530138
HG00346 0.0160484613987472 0.0388233778296121
HG00349 0.0180604910716219 0.0355512384548955
HG00350 0.014351215990629 0.0413184298899702
HG00351 0.0161660725360496 0.0370284508076085
HG00353 0.0165560662803555 0.0390820758107206
HG00355 0.0154202720341973 0.040488398303466
HG00356 0.0174395036548512 0.0368936164211994
HG00357 0.0169324019011373 0.0380556575068491
HG00358 0.0165039360444385 0.0345383588370954
HG00359 0.0163144986336403 0.0381890236277828
HG00360 0.0156070685634783 0.0377850883394063
HG00361 0.0181311152094299 0.0360743730668204
HG00362 0.0160008933874045 0.0367880152309318
HG00364 0.0153607970712472 0.0384264555336339
HG00366 0.0169101984356275 0.0383257201875093
HG00367 0.017933847861885 0.0363846129809317
HG00369 0.0170121774521206 0.0391173477888016
HG00372 0.016786606170621 0.0378872839286271
HG00373 0.0186324108051946 0.035570152313469
HG00375 0.0157370636493739 0.0391926821285954
HG00376 0.0159708273975063 0.0373650974645512
HG00377 0.0164807288127419 0.0365083257951192
HG00378 0.0169285146273211 0.036007503855818
HG00381 0.0155563086299102 0.0337350396162818
HG00382 0.0176763633185866 0.0351885527901555
HG00383 0.0163791725441388 0.0348137942751452
HG00384 0.0177182788824338 0.0386969719421352
HG00403 0.0307838869792377 -0.0334103179527462
HG00404 0.0312938648268896 -0.0324486721549172
HG00406 0.0296960970436563 -0.0325552504040772
HG00407 0.030459381866214 -0.0348683006520932
HG00418 0.0309985048870894 -0.0327721763628597
HG00419 0.030615239019131 -0.033900451717459
HG00421 0.0303424961473748 -0.0332376513655823
HG00422 0.0307900607867574 -0.0332792892936632
HG00427 0.030420485532082 -0.0332565316912118
HG00428 0.031036337142961 -0.0312881990052302
HG00436 0.0309140698358669 -0.0312696652772936
HG00437 0.030666301781675 -0.0328523318193876
HG00442 0.0306603637166714 -0.0324317000170946
HG00443 0.030175437418159 -0.0315853144477063
HG00445 0.0305304708161319 -0.0319026794648267
HG00446 0.0311696410154761 -0.0321592701781195
HG00448 0.0310923755144413 -0.0350985690446366
HG00449 0.0310072094595754 -0.0322657788916712
HG00451 0.0321541885808091 -0.0343730321061873
HG00452 0.0305695478640576 -0.0325629419431068
HG00457 0.0311197421783463 -0.0330198798967119
HG00458 0.0309725731224014 -0.0342685220223116
HG00463 0.0309874403085703 -0.0344759033103232
HG00464 0.0307378449463878 -0.0332082665951657
HG00472 0.0311842344918126 -0.0320300897770426
HG00473 0.0303303955430061 -0.0321078367134041
HG00475 0.0307886361702478 -0.0337731975685756
HG00476 0.0301637435881253 -0.0335328197824999
HG00478 0.0304995596701438 -0.0323648013349193
HG00479 0.0306905403950022 -0.0339141764545454
HG00500 0.0302711970641017 -0.0320507168598481
HG00501 0.0308837788217175 -0.0325947643913223
HG00512 0.0297441596754129 -0.0329092098944268
HG00513 0.0303937410303928 -0.033126510383379
HG00524 0.0294929058945838 -0.0317429310750793
HG00525 0.0308462049439836 -0.0331421116847399
HG00530 0.0299233535138231 -0.0319439105665938
HG00531 0.0302155190664539 -0.0331939022263403
HG00533 0.0304482249929346 -0.0312494771878429
HG00534 0.030783656800385 -0.0319211990130287
HG00536 0.0307109037605292 -0.0343585724611103
HG00537 0.0304400701645337 -0.0322904964323323
HG00542 0.0303593324029503 -0.032674029542579
HG00543 0.030023558059376 -0.033677953332222
HG00553 0.00793865514110866 0.0211504753716477
HG00554 0.0106902080118169 0.0319166856661973
HG00556 0.0308531406293726 -0.0317140928522694
HG00557 0.0302498947404555 -0.0334648099958621
HG00559 0.0306664243495493 -0.0339651104931057
HG00560 0.0305210438940516 -0.0337313214900825
HG00565 0.0309604147285741 -0.0337343231982737
HG00566 0.0310521951754528 -0.031279507410725
HG00577 0.0317242730397511 -0.0319197774401736
HG00578 0.030367707579786 -0.03238493153902
HG00580 0.0301585353620963 -0.0330131898201842
HG00581 0.0314357962234791 -0.0313489385680708
HG00583 0.0298827201255098 -0.0325130847206059
HG00584 0.0312357345214138 -0.0334951130093005
HG00589 0.0299392866037331 -0.0327749728489074
HG00590 0.0296649056288814 -0.0304072316256447
HG00592 0.03015913203123 -0.0312057519793629
HG00593 0.0311341133967377 -0.0336397395614447
HG00595 0.0299135230344607 -0.0326859276493869
HG00596 0.030692147844617 -0.034865201259811
HG00607 0.0308412280669828 -0.0326230085402215
HG00608 0.0310743826967129 -0.0326633212793895
HG00610 0.0302531709320661 -0.0326629797818201
HG00611 0.030574704655764 -0.0326396971349075
HG00613 0.0300656436398889 -0.0337710413293922
HG00614 0.0309280665425045 -0.0323282438583653
HG00619 0.0306219405346225 -0.0319829485739026
HG00620 0.0315451471272293 -0.0355005819490333
HG00625 0.0297028316257531 -0.0321155328837488
HG00626 0.030703246457091 -0.0340681981547835
HG00628 0.0301977962681577 -0.0320767306485221
HG00629 0.0301493786948934 -0.0317569292858098
HG00634 0.0304068704410535 -0.0327309458581083
HG00635 0.0307714839151075 -0.0330314371460936
HG00637 0.00659166701705271 0.0283795144363169
HG00638 0.00891119288322523 0.0234637832453175
HG00640 0.0125758052980623 0.0334383006872793
HG00641 0.0108933808529013 0.0296205589173841
HG00650 0.0296237029809039 -0.0324427546188858
HG00651 0.030250004209718 -0.0350938302064376
HG00653 0.0302062277877109 -0.0317867625451925
HG00654 0.0299075461525868 -0.0325890503751968
HG00656 0.0306521521905356 -0.0339607210432555
HG00657 0.030454189944344 -0.0309416815310761
HG00662 0.0304959040142301 -0.0310019757853348
HG00663 0.0311464505687412 -0.0298933040980571
HG00671 0.0307108529003131 -0.0332858764657347
HG00672 0.0312280111067252 -0.0337454605420578
HG00683 0.0297111046023324 -0.0326532302655532
HG00684 0.0305046048951146 -0.0332761308378846
HG00689 0.0309745752391943 -0.032307773794555
HG00690 0.0304678213474914 -0.0317009090179236
HG00692 0.0303536427040206 -0.031425692683976
HG00693 0.0301968061868907 -0.0325895602113911
HG00698 0.0302053516156812 -0.0311164417598642
HG00699 0.0309086142091913 -0.0348009412681565
HG00701 0.0319265313846652 -0.0323142840587175
HG00702 0.0305915950676639 -0.0344825191646013
HG00704 0.0309956601330918 -0.0335498998713632
HG00705 0.0306397562994722 -0.0316986039766186
HG00707 0.0304062060350109 -0.0314231367791784
HG00708 0.0298686024970633 -0.0325808261177132
HG00731 0.0140915073122677 0.0362940312461213
HG00732 0.0135129116779552 0.0303676337102269
HG00734 0.0115215148680823 0.0264218478960718
HG00736 0.0124187190643135 0.031744252044641
HG00737 0.0113272665091419 0.0334500996421889
HG00740 0.00932536164293497 0.0280417800220197
HG01047 0.0111054728394062 0.0316181488745436
HG01048 0.0100213358309166 0.030635552641828
HG01051 0.00510971917813506 0.0201493485751039
HG01052 0.00561857618003221 0.021453698130325
HG01055 0.00885829911778443 0.0281560132109304
HG01060 0.0100845915394103 0.0315160994687765
HG01061 0.0114263758710882 0.03123892827059
HG01066 0.0105223763381076 0.0351403805305797
HG01067 0.0108828189529143 0.0307713067980818
HG01069 0.011698365767949 0.0303498807593799
HG01070 0.0124684392575034 0.0317979444759955
HG01072 0.0106384742813377 0.030006056331555
HG01073 0.0111892860947674 0.0275115920537085
HG01075 0.0112752349480246 0.0335052837953983
HG01079 0.00756041320830309 0.0259108003744833
HG01080 0.0119360292098392 0.0271091984956587
HG01082 0.00599289943336574 0.0242398046116948
HG01083 0.0110728251517548 0.0292827212799234
HG01085 0.00976909827945347 0.0275840615388322
HG01095 0.00985679212739244 0.0316734687546179
HG01097 0.0114374365240488 0.0318530708824991
HG01098 0.00990574169760796 0.0307227639834369
HG01101 0.00890667633163579 0.0250810570166713
HG01102 0.00759896975128293 0.0283075055519213
HG01104 0.0119924079739957 0.0325049059069827
HG01105 0.010474790816517 0.0360687099885528
HG01107 0.0022418898814886 0.0242919793987715
HG01108 -0.0155706199939329 0.00721893757612927
HG01112 0.0129462669572322 0.0386306038036724
HG01113 0.0157500803590488 0.0267854105306254
HG01124 0.0101102053237747 0.0186740018068866
HG01125 0.0114786952820154 0.0214697216965441
HG01133 0.0138044032211224 0.0327539277408946
HG01134 0.00989560913839337 0.025899970797257
HG01136 0.0124113919063811 0.0237549111545999
HG01137 0.0164980505844256 0.0225565641671062
HG01140 0.0153929752022483 0.0288578126368025
HG01148 0.0122018938675063 0.0284751754821753
HG01149 0.0141269143137395 0.0150305406772405
HG01167 0.00405966549472044 0.0248782499258643
HG01168 0.0129826416818961 0.0366713563600164
HG01170 0.010852394635214 0.0274893729706137
HG01171 0.00692943533277777 0.0251551019725538
HG01173 0.0107018201271057 0.034206547235319
HG01174 0.0127497230790345 0.0322964488293752
HG01176 0.0122868167825668 0.0306858709094251
HG01183 0.0104904056532135 0.027187175463665
HG01187 0.00722681609177397 0.0205665705924606
HG01188 0.00550904931869743 0.0174430112877488
HG01190 0.0102321303650033 0.0231401730553712
HG01191 0.0122555012028939 0.0290164503451509
HG01197 0.0127306220382679 0.0323145214080841
HG01198 0.00749117469773434 0.0249831369725204
HG01204 0.0110754525987129 0.0292572768454368
HG01250 0.0142857022854144 0.0210604116140013
HG01251 0.0164858093663891 0.026425082828616
HG01257 0.0152459393919544 0.0281582274239683
HG01259 0.0133438542689687 0.0341068752955674
HG01271 0.0130491193923312 0.0248433937304853
HG01272 0.00941714044673383 0.0161151197281177
HG01274 0.0160990136365766 0.0227542068598145
HG01275 0.0129371351724817 0.0371589742718702
HG01277 0.0164726496850663 0.0228498780358119
HG01278 0.015955956716985 0.0251446627854348
HG01334 0.01505592018624 0.0413993364599981
HG01342 -0.00254280403510145 0.0115697142804391
HG01344 0.0160956415279398 0.0183527863168
HG01345 0.0136266463008477 0.0274412336688821
HG01350 0.01500354087735 0.0183169950537268
HG01351 0.0166393549796686 0.02745796512368
HG01353 0.0151820140897955 0.0286934723374756
HG01354 0.0150789238488667 0.032514653747575
HG01356 0.0140920362235615 0.0250295627710206
HG01357 0.0160826302957617 0.0262153882430231
HG01359 0.0142078838069883 0.0272128675191915
HG01360 0.013458368973412 0.0268760965867363
HG01365 0.00936004373821694 0.0188165849503667
HG01366 0.0121830196616421 0.024772135567022
HG01374 0.0156257402806812 0.0307357171165046
HG01375 0.0103077095715431 0.0175743911670412
HG01377 0.0119761180445072 0.021252876690083
HG01378 0.0157738899278205 0.0209503694100832
HG01383 0.0139092172818015 0.0305753708025245
HG01384 0.01299630919362 0.0269542321296194
HG01389 0.0123634645114034 0.031918971969638
HG01390 0.000932818036128222 0.0138241486499777
HG01437 0.0134352670741497 0.0337913593843384
HG01440 0.00734499036352569 0.0229497605333863
HG01441 0.017839113544751 0.0206942433282587
HG01455 0.0160189624797392 0.0218579558841247
HG01456 0.0147910710835938 0.0191003480336582
HG01461 0.00977216690691932 0.0134277641624761
HG01462 0.00319278864920024 0.0107292983622835
HG01465 0.0137175510122832 0.0345967199570707
HG01488 0.0067019873894465 0.026597923480907
HG01489 0.0141793341067891 0.0367303645229588
HG01491 0.0152141187137622 0.0333912187888861
HG01492 0.0140558733260835 0.0307024828549948
HG01494 0.0135545144859331 0.0172186941778464
HG01495 0.0122307453920122 0.0164178085481146
HG01497 0.0164343702950273 0.0221543002964935
HG01498 0.0133377355649181 0.0244771509315682
HG01515 0.0152069240134394 0.0432427847042383
HG01516 0.0139005497416462 0.0445059653203148
HG01518 0.0143880727675929 0.0459695450908957
HG01519 0.0143888354792518 0.0444219709424304
HG01521 0.0154503356310276 0.0444071446467254
HG01522 0.014890819483915 0.0397922109158912
HG01550 0.0145892523451131 0.0273848007140862
HG01551 -0.00415236798052333 0.00986038881289455
HG01617 0.0115511052156348 0.0421339965956881
HG01618 0.0138111221704386 0.0409341205277632
HG01619 0.014455143985249 0.0396252323678735
HG01620 0.0129018928593466 0.0415540309493029
HG01623 0.0128116422588681 0.0423303276135049
HG01624 0.0143285360855615 0.0397681611329945
HG01625 0.01417626679193 0.0412500294589516
HG01626 0.0135113801492582 0.0431124146466592
NA06984 0.0153242715275786 0.042004032995797
NA06986 0.0155373812175861 0.0435298878050728
NA06989 0.0153488651880305 0.0441400832313179
NA06994 0.0161417161693927 0.0427383712560714
NA07000 0.0155632303051299 0.0428847161362017
NA07037 0.0155774824559454 0.0426136715772076
NA07048 0.0148939527647425 0.0425410077558198
NA07051 0.0154235778205203 0.0431794588350797
NA07056 0.0149596282832967 0.0435725626872107
NA07347 0.0156362523513468 0.0458623901753398
NA07357 0.0162574273344732 0.0422463802801241
NA10847 0.016601547838847 0.0459793060163159
NA10851 0.0154093369249627 0.0424240092175284
NA11829 0.0157241267883276 0.0451583011421175
NA11830 0.0154234701425813 0.0426623253384822
NA11831 0.0154170311416729 0.0435121709605292
NA11843 0.015254727243596 0.0415757900725311
NA11892 0.0150321515793607 0.0438391362734967
NA11893 0.0162238334380202 0.0426803946577404
NA11894 0.0149573442074708 0.0423664310451151
NA11919 0.0173416962431105 0.0432971625910551
NA11920 0.0152044694316165 0.04465087338932
NA11930 0.0153112794078304 0.044102257205661
NA11931 0.0153848520187411 0.0431946852583203
NA11932 0.014094391343555 0.0460806747228387
NA11933 0.015680178626819 0.0407109741405697
NA11992 0.0153322696382831 0.043134602414462
NA11993 0.0140731575196419 0.0414275391692654
NA11994 0.0158456735567391 0.041626451998009
NA11995 0.0147089904034429 0.042040482703032
NA12003 0.016382932770378 0.0432088008841811
NA12004 0.0150665902403323 0.0412582518586954
NA12006 0.015015570568499 0.0430844384648407
NA12043 0.0147417996316444 0.043252324422418
NA12044 0.0154301913806262 0.0440023373814586
NA12045 0.0160356042267541 0.0430375892095298
NA12046 0.0159528695462639 0.0410046416329207
NA12058 0.0151804995587937 0.0447054684168457
NA12144 0.0152490513513043 0.0427275392150687
NA12154 0.0161837601588355 0.0423516543109871
NA12155 0.0151682470848983 0.044400173711594
NA12249 0.0165609106831418 0.042174211159545
NA12272 0.0154251096958067 0.0433894487773817
NA12273 0.0147287574166814 0.0447088900327643
NA12275 0.0155461957541374 0.0444596274138294
NA12282 0.0161711872825022 0.0440159773032629
NA12283 0.0145743468289061 0.0417421313604039
NA12286 0.0151141071025836 0.043874507274836
NA12287 0.0143587785922546 0.0471734266097986
NA12340 0.0170572188638095 0.0430485455599607
NA12341 0.0159273354987301 0.0447513938264762
NA12342 0.0162551319799707 0.0437592443094902
NA12347 0.0156135919994641 0.0418264410312481
NA12348 0.0159238741879906 0.0444741666878096
NA12383 0.0148487471842001 0.044604343464596
NA12399 0.0145675743566094 0.0424308229357541
NA12400 0.0144543919500847 0.0440605741374708
NA12413 0.0145396951372095 0.0431866957934611
NA12489 0.0157248794456187 0.044626793818938
NA12546 0.0148886179017592 0.0426348729618299
NA12716 0.0147459271846849 0.0433680164312807
NA12717 0.0157158612288705 0.0445680274557435
NA12718 0.0152452392713809 0.0421281322054972
NA12748 0.0161826892376543 0.0438317398444451
NA12749 0.0162948094760948 0.0443370110928956
NA12750 0.0157587335023858 0.0437931227206906
NA12751 0.0143598563558898 0.0437827765008236
NA12761 0.0152602544515041 0.0446810836825404
NA12763 0.0153358546154571 0.042585327904946
NA12775 0.0138490566971932 0.0449570893202929
NA12777 0.0154245154953573 0.0449957689066676
NA12778 0.0168073096885003 0.0445788663966608
NA12812 0.0152649298557863 0.0434323006131366
NA12814 0.0139888054587563 0.0423481465654221
NA12815 0.016418951234132 0.0429119855916517
NA12827 0.015343716235499 0.0458230308016352
NA12829 0.0153277987315285 0.0447404923997548
NA12830 0.0144868673270045 0.0415729276485879
NA12842 0.0144580716106384 0.0435359412230981
NA12843 0.0150034601038303 0.0434270638650026
NA12872 0.0148263452034992 0.0441139867050058
NA12873 0.016741452580968 0.0410534817145554
NA12874 0.0151016309062534 0.0432655260944483
NA12889 0.0146388982596318 0.0423406176546386
NA12890 0.0154634406634256 0.0440202821646045
NA18486 -0.0378474208808718 -0.0131627232767025
NA18487 -0.0359034727218327 -0.00927057092079605
NA18489 -0.0367008661240342 -0.0122101413343261
NA18498 -0.0358630797246688 -0.01119451866199
NA18499 -0.0367635105399623 -0.0120473355627652
NA18501 -0.0363136695645596 -0.0108235417236563
NA18502 -0.0369190694938449 -0.0123491807795519
NA18504 -0.0366163254909862 -0.0107522080436024
NA18505 -0.0383643941810929 -0.0101568432016599
NA18507 -0.0371492326848084 -0.0134684501895664
NA18508 -0.0362610931614551 -0.00850494601512697
NA18510 -0.0367185648834453 -0.0112420483565982
NA18511 -0.0368232137763756 -0.0104469086708426
NA18516 -0.0369601271784457 -0.0102001377104252
NA18517 -0.0364492776666798 -0.0122555425378941
NA18519 -0.0364096753492325 -0.0112258268195784
NA18520 -0.0382158509745843 -0.00922375125828782
NA18522 -0.0377566690560016 -0.00980000355250314
NA18523 -0.0375582907787997 -0.0123081984220676
NA18525 0.0295304300482603 -0.0314623456559522
NA18526 0.0315210519446158 -0.0322109444226259
NA18527 0.0295447311235366 -0.0309644323236004
NA18528 0.0295551667742798 -0.0305397399810466
NA18530 0.0301578319855158 -0.0322624463513162
NA18532 0.0317022815407477 -0.0334876479168832
NA18534 0.0312347930931184 -0.0309774478600091
NA18535 0.029108324783544 -0.0297753170569246
NA18536 0.0300273257878777 -0.0309581691175213
NA18537 0.0307794474112325 -0.0313108760973777
NA18538 0.0303966527931966 -0.031500859726237
NA18539 0.0299927048535876 -0.0308804354777677
NA18541 0.0308223005748177 -0.0318773819468398
NA18542 0.0307321852241708 -0.0332918019403325
NA18543 0.0321148137158711 -0.0320712435864497
NA18544 0.0319286565063065 -0.0316999533474138
NA18545 0.0309109554399019 -0.0349604737140526
NA18546 0.0302152544103297 -0.0306180024505478
NA18547 0.0310978397375123 -0.0317403064147809
NA18548 0.03013217188388 -0.0324793445913611
NA18549 0.0309519950395064 -0.0323132567061385
NA18550 0.0294573741285929 -0.0321716938334652
NA18552 0.0313826261335124 -0.0340246375579313
NA18553 0.0307110415346769 -0.0296952000479997
NA18555 0.0307246045041043 -0.0322531246813996
NA18557 0.029844587435866 -0.0314067108297871
NA18558 0.0309110389558852 -0.0303743880081763
NA18559 0.0306434102112445 -0.0336995322197219
NA18560 0.0300531301114078 -0.0321748029971465
NA18561 0.0316205901942685 -0.0319868188011393
NA18562 0.0307679327206206 -0.0318372127216091
NA18563 0.031036537097467 -0.0337866489311348
NA18564 0.0314888056756949 -0.0314676793275284
NA18565 0.0300266096909733 -0.0326513543158063
NA18566 0.0304135513362447 -0.0321481072661058
NA18567 0.0306744390647187 -0.0339682274308052
NA18570 0.0305222753966351 -0.0341650839319431
NA18571 0.0301911529923618 -0.0329925127617852
NA18572 0.0302866041348583 -0.0338100432086393
NA18573 0.0297839775145727 -0.0322539059718108
NA18574 0.0305356524276165 -0.0313681155264055
NA18576 0.0306622036787851 -0.0322209427398151
NA18577 0.0306344749196785 -0.0347216351324448
NA18579 0.031384935577177 -0.0352069214665996
NA18582 0.0319266450964513 -0.0340541221390106
NA18592 0.0311577388848788 -0.0307360066122903
NA18593 0.0310017861743559 -0.0329237912306098
NA18595 0.0301508424697012 -0.0323987369273874
NA18596 0.0303761301962695 -0.0334066841041439
NA18597 0.0306431626783619 -0.0327855350233677
NA18599 0.030104255411565 -0.029936440777163
NA18602 0.0305590743571439 -0.032011354462683
NA18603 0.0305641769338768 -0.0323174309061615
NA18605 0.0307988817371838 -0.0330139438167522
NA18606 0.0318032534595127 -0.032528043413589
NA18608 0.0306535714569382 -0.0310729015513709
NA18609 0.0318144478382508 -0.0316315621026761
NA18610 0.0308880800223169 -0.0328419368327461
NA18611 0.0309014291541682 -0.0341679964977082
NA18612 0.0308246002279378 -0.0322856854848229
NA18613 0.031293759860368 -0.032324345379144
NA18614 0.0318605165636531 -0.0341963411510139
NA18615 0.0305677840369446 -0.0313890737080194
NA18616 0.0312479933398593 -0.0331656468139371
NA18617 0.0304217001242201 -0.0338433402271502
NA18618 0.0297142671921588 -0.0313527714532183
NA18619 0.030736094037002 -0.0345285887671693
NA18620 0.0310471114182048 -0.0337256239386057
NA18621 0.0311663966177693 -0.0348539559641219
NA18622 0.0307570902438391 -0.0316832457758486
NA18623 0.0308923296594407 -0.0300941433129525
NA18624 0.0309105400416223 -0.0344915735000025
NA18626 0.029628310738165 -0.0307151493341213
NA18627 0.0316722519677362 -0.0341130506134093
NA18628 0.0300822714064658 -0.0309233441217339
NA18630 0.0306219197336567 -0.0315184616696841
NA18631 0.0313549708459177 -0.0327508091501474
NA18632 0.0307966195417664 -0.0346967088233203
NA18633 0.0304541531310545 -0.0335851478585423
NA18634 0.029705374241653 -0.032311684814674
NA18635 0.030931448995509 -0.0301302519195444
NA18636 0.0299351790280304 -0.0310092400417932
NA18637 0.0304275846049067 -0.033594884540349
NA18638 0.0309585304522611 -0.0338478856539085
NA18639 0.0300518332787678 -0.0323046054912954
NA18640 0.03018561935946 -0.0312172791216609
NA18641 0.0307182762336628 -0.0331038482127359
NA18642 0.0298866271601577 -0.0289706269964051
NA18643 0.0301462151103861 -0.0314172113133397
NA18645 0.0305949305861655 -0.0337240221451188
NA18647 0.0296271746663515 -0.0284586747521495
NA18740 0.0306936688260795 -0.0323991472154498
NA18745 0.0302793015918044 -0.032303865322388
NA18747 0.0300448151130446 -0.0320991819545889
NA18748 0.0299301716098618 -0.0316479278522365
NA18749 0.0301405597478993 -0.0308999264921433
NA18757 0.0297857053322608 -0.0316724515016326
NA18853 -0.0381998609132008 -0.00989922140571338
NA18856 -0.037322149558226 -0.0122564901252637
NA18858 -0.0371906849875157 -0.0126627283014702
NA18861 -0.0363687627671375 -0.0122336901177044
NA18867 -0.0348940584906583 -0.01084798825366
NA18868 -0.03546300696205 -0.0106453549108662
NA18870 -0.037122381276138 -0.0125263336791541
NA18871 -0.0371766187063664 -0.0120483610516608
NA18873 -0.0364855971852338 -0.0124206810686196
NA18874 -0.0366181388743898 -0.0118726150617636
NA18907 -0.0356411059792013 -0.0114647261454343
NA18908 -0.0364092816824626 -0.0106642961104666
NA18909 -0.0365032168941715 -0.0107953965627024
NA18910 -0.0352633823038164 -0.0125920914516231
NA18912 -0.0375988874389542 -0.0119296698455215
NA18916 -0.0371283142525031 -0.0134360564051279
NA18917 -0.0370537729890328 -0.0112769783123538
NA18923 -0.0366389426200947 -0.010698818624823
NA18924 -0.0368299823138052 -0.01078794476805
NA18933 -0.0372877459710398 -0.0118196373925575
NA18934 -0.0368080215933484 -0.0102274239001417
NA18939 0.0304975369737852 -0.0332437695605519
NA18940 0.0305261382821372 -0.0333179440076895
NA18941 0.030134789966905 -0.0318848792162145
NA18942 0.0299675702546153 -0.0331166895824749
NA18943 0.0307296439056498 -0.0342513087003634
NA18944 0.0296751311904274 -0.0318045070104416
NA18945 0.0305914543225592 -0.0318745298438069
NA18946 0.0297602355923685 -0.0316528206317073
NA18947 0.0302390020486705 -0.0325076583814943
NA18948 0.0304321236512385 -0.0328683377226242
NA18949 0.0308339581793109 -0.0331113704234001
NA18950 0.0297975566777046 -0.0327969546781141
NA18951 0.0304108472770407 -0.0329675271475042
NA18952 0.0318212213546496 -0.0317986460112481
NA18953 0.0305418362065875 -0.0326628587288578
NA18954 0.0298365638371393 -0.0324615769665395
NA18956 0.0300599264529071 -0.0334375859811602
NA18957 0.030352509059089 -0.0319681096230734
NA18959 0.0302557979975475 -0.032111586982038
NA18960 0.0296811174919385 -0.0315753436293567
NA18961 0.0310795257657645 -0.0332805942324297
NA18962 0.0302308982511312 -0.0347933038445647
NA18963 0.0313273789609509 -0.0346724072986332
NA18964 0.031114717784152 -0.0321587576355286
NA18965 0.0315061008199989 -0.0364414968873598
NA18966 0.0305838109926663 -0.0328271398077954
NA18968 0.0301955574202347 -0.0348104383071744
NA18971 0.0313764430735675 -0.034503630596718
NA18973 0.0305755343406537 -0.0315204830439981
NA18974 0.0294068882476631 -0.0320835195182438
NA18975 0.0315782239660237 -0.0311885534776448
NA18976 0.0310642499791242 -0.0346631084009012
NA18977 0.0300026946994515 -0.0317273769975915
NA18978 0.0306600104370046 -0.0321232677674746
NA18980 0.0298775634421117 -0.0319645167847224
NA18981 0.0317148037654931 -0.0326361423932401
NA18982 0.030535856576653 -0.0338904502253473
NA18983 0.0301139148555271 -0.0316806381579205
NA18984 0.0298032531224873 -0.0321314403763117
NA18985 0.0300849625030123 -0.0325566132522443
NA18986 0.0303882724084478 -0.0309426133781432
NA18987 0.0305582111559795 -0.0324275855715825
NA18988 0.0301081466575386 -0.0326508705343805
NA18989 0.030646267953243 -0.0341685647722608
NA18990 0.0312124231282875 -0.0337438218953246
NA18992 0.0304618547950295 -0.0339084163010162
NA18994 0.0300128863365652 -0.032540794620679
NA18995 0.0304017677336582 -0.031979493305435
NA18998 0.0298091948535788 -0.0324168025997117
NA18999 0.0301046900049954 -0.0321279657641996
NA19000 0.0305478303693738 -0.0323115111401049
NA19002 0.0295120290543404 -0.0313281486536848
NA19003 0.0298606007923031 -0.0333036385029458
NA19004 0.0301167038069798 -0.0320320683561214
NA19005 0.0305490914992887 -0.0334806088798337
NA19007 0.03059591816486 -0.0316669515370442
NA19009 0.0314339946746147 -0.0330248786036143
NA19010 0.0303512427631132 -0.0321256977877549
NA19012 0.0297622876014523 -0.032316200679835
NA19020 -0.0342480466752581 -0.0108581254238029
NA19028 -0.0334899168783203 -0.00934574217786642
NA19035 -0.0344756122300403 -0.00896702776160537
NA19036 -0.033852288072279 -0.00885560660803181
NA19038 -0.0335555618063314 -0.00994626025519035
NA19041 -0.0335714307919271 -0.0103381667678656
NA19044 -0.0345692770318717 -0.00915566936485949
NA19046 -0.0350433495209768 -0.0115333825355811
NA19054 0.0305596316115868 -0.0337119715013378
NA19055 0.0308522610907517 -0.0335951381161038
NA19056 0.0306440108605749 -0.0321984762105998
NA19057 0.0309006370296025 -0.0298687862652429
NA19058 0.0307521661154592 -0.0330409879527436
NA19059 0.0297891426201808 -0.0316217999082636
NA19060 0.0303070468541525 -0.0327185554039569
NA19062 0.0299627267446071 -0.0301683390007364
NA19063 0.0310316162225673 -0.0338929009687157
NA19064 0.0300049225819416 -0.0323205348038458
NA19065 0.0299081759526977 -0.0316305409547108
NA19066 0.0299690056673511 -0.03210562890957
NA19067 0.0303331684606002 -0.0321126434449375
NA19068 0.0308980252670529 -0.0357507604289684
NA19070 0.0299976109931159 -0.0317247353978971
NA19072 0.0300707489850301 -0.0344455798450645
NA19074 0.0310991509974197 -0.0331150837046268
NA19075 0.0309351315465727 -0.0331061111701762
NA19076 0.0300648493975886 -0.0320958976696813
NA19077 0.0296468155184393 -0.0312087193334847
NA19078 0.0300881271587014 -0.0333668830836843
NA19079 0.0308651491722585 -0.0313503676782137
NA19080 0.0308103364763466 -0.0335891779920826
NA19081 0.0309521944139147 -0.0323940409722014
NA19082 0.0301117706843795 -0.0324567915180188
NA19083 0.0302125185226401 -0.0316064435455336
NA19084 0.029784765346032 -0.0317585396165138
NA19085 0.0304937749130902 -0.030397850195246
NA19087 0.0312071738316582 -0.031835183399311
NA19088 0.0298012670318093 -0.0314778534053652
NA19093 -0.0362014331400559 -0.0130455431929842
NA19095 -0.0368924549102256 -0.0125516093796536
NA19096 -0.034737466984552 -0.0103144400448809
NA19098 -0.0365629148929344 -0.0116667839722016
NA19099 -0.0365323710746534 -0.0104838271908195
NA19102 -0.036843118584801 -0.0130781164709568
NA19107 -0.0366589043475927 -0.0121819495640844
NA19108 -0.0360771595110589 -0.0104037334496927
NA19113 -0.0348497494258877 -0.0115381015858414
NA19114 -0.0356411144975344 -0.0112922871094566
NA19116 -0.0356645970643496 -0.0127650827666443
NA19117 -0.037298229898848 -0.0128368466101477
NA19118 -0.0361084720862259 -0.00848831989323354
NA19119 -0.0382561875358547 -0.0128164836127227
NA19121 -0.0361448338243356 -0.0124529421292572
NA19129 -0.036932163629566 -0.0104246099635314
NA19130 -0.0363105442523206 -0.0126619320395842
NA19131 -0.0366978203925114 -0.0116777172395395
NA19137 -0.0364644070257919 -0.0126323184198414
NA19138 -0.0349194399613393 -0.00868502272201651
NA19146 -0.0354888430263588 -0.010994271074074
NA19147 -0.0363278748111278 -0.0118144033596042
NA19149 -0.0371500112400757 -0.0109881071220927
NA19150 -0.036127773579827 -0.0116949309297247
NA19152 -0.0349287143782463 -0.0129593080240068
NA19160 -0.0370903923659 -0.0125188687923159
NA19171 -0.0373541499795852 -0.0132374237008287
NA19172 -0.0364166706609491 -0.0117899631754266
NA19175 -0.0357131252179506 -0.0104882779301079
NA19185 -0.03704146201466 -0.00989007252633099
NA19189 -0.0358051047503634 -0.0100401977646784
NA19190 -0.0367607594155474 -0.0120372624309786
NA19197 -0.037069985983732 -0.0127443717010183
NA19198 -0.0356058581371138 -0.0112091647871438
NA19200 -0.0367971859953508 -0.011874147923035
NA19204 -0.0366473080349758 -0.0100951726677228
NA19207 -0.0369594468542839 -0.0135771403247551
NA19209 -0.0368527326923027 -0.0123209664214759
NA19213 -0.0378240891771121 -0.0118462655996296
NA19222 -0.0375011196858026 -0.0105610822656852
NA19223 -0.0365370262711217 -0.0107198229553667
NA19225 -0.0364391827993374 -0.010382732012819
NA19235 -0.0375502288456644 -0.010586450530822
NA19236 -0.0351697147932742 -0.00973449791282403
NA19247 -0.0357903767274986 -0.0110859539011083
NA19248 -0.0368153936505167 -0.0107886351204546
NA19256 -0.0354529732769397 -0.0114022587737412
NA19257 -0.0367888629820422 -0.0106582385142088
NA19307 -0.0338803064947698 -0.00875590332942445
NA19308 -0.033182631236923 -0.00771466469766586
NA19309 -0.0352527873748966 -0.00797437474902371
NA19310 -0.0341646884056448 -0.0104273270039789
NA19311 -0.0345250307927666 -0.00763742956794326
NA19312 -0.03337379648598 -0.00954076406767082
NA19313 -0.0344850071544781 -0.0100202020714693
NA19315 -0.0333181138471905 -0.00870005741484772
NA19316 -0.0342138998647162 -0.00782700050495534
NA19317 -0.0337840793408161 -0.00974863115389643
NA19318 -0.0345705596201856 -0.00864821707680665
NA19319 -0.0331379312569426 -0.0094071940229538
NA19321 -0.0338152512975282 -0.00912390713529542
NA19324 -0.0352745674088451 -0.0112688745855289
NA19327 -0.0337332995337956 -0.00817199040533542
NA19328 -0.0351907458055011 -0.00883898731474719
NA19331 -0.0342849436472919 -0.0105520861787337
NA19332 -0.0336844671985835 -0.00955166950293357
NA19334 -0.0337033855894842 -0.00938819931225591
NA19338 -0.0342967037677809 -0.0102735658855794
NA19346 -0.0348323004593311 -0.00996787773005459
NA19347 -0.0344397436871436 -0.0095964556059784
NA19350 -0.0352026756440443 -0.01084002082433
NA19351 -0.0334084666188094 -0.00809423758854107
NA19352 -0.0342898526898717 -0.0101447547870117
NA19355 -0.033797371294015 -0.00855549821348809
NA19359 -0.0349864624451823 -0.00792110496659114
NA19360 -0.0336567320237125 -0.00931010984336755
NA19371 -0.0323117601267279 -0.00776388487705135
NA19372 -0.0344255773331829 -0.00863861313975163
NA19373 -0.034288251163521 -0.00927830716486882
NA19374 -0.0345722633428063 -0.00970991976823688
NA19375 -0.0326348274459926 -0.0087802553219152
NA19376 -0.036204983231696 -0.0101218262959075
NA19377 -0.0342815820667666 -0.00903133728725146
NA19379 -0.0339787586168385 -0.00682801230936605
NA19380 -0.0338404351167164 -0.0105066054404246
NA19381 -0.0335208364244509 -0.00899290900353378
NA19382 -0.0341621482790971 -0.00846883418552472
NA19383 -0.0338523045146515 -0.00807329594380149
NA19384 -0.0351641724836638 -0.00909552003487541
NA19385 -0.0339220169233773 -0.00762046993353943
NA19390 -0.0341055749058162 -0.00812569350079998
NA19391 -0.0359379556967235 -0.00749150353269477
NA19393 -0.0344321667535693 -0.0100201806752514
NA19394 -0.0339759443550241 -0.00888380640960341
NA19395 -0.0336344808167492 -0.00642036665799729
NA19396 -0.0338474944226414 -0.0106125899532861
NA19397 -0.0342641373812214 -0.0101610114773507
NA19398 -0.0355970715558515 -0.00929334843060082
NA19399 -0.0347189038595464 -0.0106163297969096
NA19401 -0.0335614959041745 -0.0103198024855721
NA19403 -0.0336401169013325 -0.00691717520302363
NA19404 -0.0337141631679527 -0.00915532465353725
NA19428 -0.0339655657676232 -0.0103035492209323
NA19429 -0.0340312814929561 -0.00952719045202119
NA19430 -0.034946915054227 -0.0115652310232814
NA19431 -0.0338827293515467 -0.0109121780539319
NA19434 -0.0336336633030077 -0.00897993009587732
NA19435 -0.0341635077790845 -0.0104625079679522
NA19436 -0.0346743120138409 -0.00969240322040987
NA19437 -0.0330342541436917 -0.0100709742271834
NA19438 -0.0336334722592286 -0.0105665591351714
NA19439 -0.0346220170104374 -0.00926602444029397
NA19440 -0.0333610168358337 -0.0103422087685369
NA19443 -0.0336782541592514 -0.00851004314159718
NA19444 -0.0337818492620015 -0.00966142525922601
NA19445 -0.0336648178423521 -0.0099448582661408
NA19446 -0.0343404055103899 -0.0091301453186749
NA19448 -0.0343130978327879 -0.0080931610910651
NA19449 -0.0341714551209969 -0.0113834132933871
NA19451 -0.033931237610688 -0.00734565492288938
NA19452 -0.0331627142661993 -0.00730255715497453
NA19453 -0.0334115941767986 -0.00894316081841875
NA19455 -0.0348345055940808 -0.00955428618856389
NA19456 -0.0339724333879744 -0.0125611683388467
NA19457 -0.0333974539212902 -0.00889721815414774
NA19461 -0.0324622353031612 -0.0093698347804233
NA19462 -0.0335082064378398 -0.0110930842139498
NA19463 -0.0337977177039702 -0.00940277114469548
NA19466 -0.0341443530765988 -0.0102230924323081
NA19467 -0.0331485538481684 -0.00861659201840313
NA19468 -0.0335982749255221 -0.00892123265358245
NA19469 -0.0341123829433017 -0.00935689904760257
NA19470 -0.0341574301563245 -0.00865648334027699
NA19471 -0.0337420068426787 -0.0102118920564555
NA19472 -0.0343232894680717 -0.00847158575753188
NA19473 -0.0349575349570152 -0.00966717662506866
NA19474 -0.0344690824518184 -0.0095350023863891
NA19625 -0.0153587894554576 -0.00495554059942521
NA19648 0.013977606956453 0.0402185294984034
NA19651 0.0150437390555381 0.0261979005110884
NA19652 0.0144541260537859 0.0270935281846526
NA19654 0.017216370024749 0.0102327472314783
NA19655 0.0146695518783437 0.0252497348904482
NA19657 0.0174043216469926 0.0116291362805443
NA19660 0.0189004695325009 0.0161632580415965
NA19661 0.0171498338145735 0.0160185582722658
NA19663 0.018728104549734 0.00887623377511558
NA19664 0.01762941525828 0.012860076652482
NA19672 0.0171477943902841 0.0155008955433626
NA19675 0.0132133812471643 0.0363460331499738
NA19676 0.0151191809754493 0.027234839784428
NA19678 0.0116572595972966 0.0315328236993381
NA19679 0.0133555029465921 0.0384140742954024
NA19681 0.0177537304751612 0.0109485111592851
NA19682 0.0176679817488616 0.0165313400246822
NA19684 0.0179092393933545 0.0264948353977465
NA19685 0.0170824327107552 0.0183822574653978
NA19700 -0.0268042573341818 -0.00194470495755707
NA19701 -0.0269743773453811 -0.00340298104414823
NA19703 -0.0284904019608886 -0.00215161425852178
NA19704 -0.028152326065198 -0.002984171658391
NA19707 -0.0223357111537976 0.00149541067876466
NA19711 -0.0304248669227075 -0.00509759029016308
NA19712 -0.0299472539237547 -0.00387997742342948
NA19713 -0.0229853806554223 0.00182561043815475
NA19716 0.0180289290318966 0.00984528184342132
NA19717 0.0189563907724608 0.0103421286492847
NA19719 0.0156652361288871 0.0163701902241144
NA19720 0.0185245938107742 0.00686797269221341
NA19722 0.0165358092481725 0.0174782293645096
NA19723 0.0166754859951627 0.0113082559401906
NA19725 0.016008074611257 0.0252516073670888
NA19726 0.020834332446195 0.0113197232246819
NA19728 0.0252385464211931 -0.0067069398665655
NA19729 0.0238934409991949 -0.00541535636173656
NA19731 0.0254508433477913 -0.00829279841537555
NA19732 0.0251794998966249 -0.00837499403291955
NA19734 0.0216956511361793 0.00952589599407743
NA19735 0.022403241492103 -0.00366437491421439
NA19737 0.0170988621572127 0.0202086150102896
NA19738 0.0177456417550929 0.0181983311144233
NA19740 0.0210413141081473 3.01737953759604e-05
NA19741 0.0237919690367611 -0.00198757145102461
NA19746 0.0204146476745919 0.00325103621722294
NA19747 0.0188967957322431 0.0145301691674741
NA19749 0.0166995127985979 0.0207389800268754
NA19750 0.0144107386803728 0.0259713279647058
NA19752 0.0180245534851132 0.0121677556077652
NA19753 0.0171316642931063 0.0122449318588058
NA19755 0.0196388007528422 0.00519916652597398
NA19756 0.015929273710923 0.0134627716073053
NA19758 0.0211463400162451 -9.30111826713715e-05
NA19759 0.0215505146280331 0.00174911788996905
NA19761 0.0176590026927914 0.0122164111778729
NA19762 0.0194532336127393 0.0102578723677025
NA19764 0.0147901832014989 0.0219598590027457
NA19770 0.0164482909621258 0.0177060728041679
NA19771 0.0178727131982158 0.0158856770828331
NA19773 0.0175362711729233 0.0228078464472158
NA19774 0.0172151761465836 0.0158062014933472
NA19776 0.0154441442147846 0.0150143764301605
NA19777 0.0165786463146751 0.0164864662723797
NA19779 0.0163269857520959 0.0260757067001048
NA19780 0.0165898942327422 0.0223875938298907
NA19782 0.0164140851646653 0.0160979945843944
NA19783 0.0205416031458587 0.00635060612567006
NA19785 0.0208752931451266 0.00467600305718763
NA19786 0.0188188317052105 0.0128461719157959
NA19788 0.0190446707139604 0.00732322818173206
NA19789 0.0163463327736479 0.0155475199980374
NA19794 0.0157223335209731 0.0250530661318623
NA19795 0.0166351572024035 0.0162651491752049
NA19818 -0.0219143493252891 0.00263006909917236
NA19819 -0.0208063235859815 0.00451724545963306
NA19834 -0.0232237196012288 0.00285496884018215
NA19835 -0.028480840208155 -0.000364986452157014
NA19900 -0.0276695054850018 -0.000732247136732552
NA19901 -0.0314206950319815 -0.00727885323300605
NA19904 -0.0277765231795634 -0.00295058857449216
NA19908 -0.0299912983255771 -0.00583038802834824
NA19909 -0.0292058949248647 -0.00526258430624986
NA19914 -0.0225886137678636 0.00395091347188404
NA19916 -0.0294114612866219 -0.00483678024069685
NA19917 -0.0312869141848872 -0.00666106877599885
NA19920 -0.0304831482628447 -0.00387625930994016
NA19921 -0.0133930852838484 0.00546175099930514
NA19922 -0.02036459719704 0.00511879050733074
NA19923 -0.0147922411541993 0.0111923435574974
NA19982 -0.0289469061330869 -0.00657152026372642
NA19984 -0.0279010302543835 -0.00219237771685698
NA19985 -0.0230269308054514 0.00247598507824672
NA20126 -0.0211826226585183 0.00369713470918653
NA20127 -0.0320652750297943 -0.00711310924139164
NA20276 -0.0285287931185125 -0.00131956892709163
NA20278 -0.0110300442514073 0.0166311502184467
NA20281 -0.028489340527764 -0.00385336046198035
NA20282 -0.0221742837682987 0.00132465044008732
NA20287 -0.0274420450924317 -0.00169672878222629
NA20289 -0.0258599006581854 -0.000349257574362436
NA20291 -0.034065649780938 -0.0101551661593994
NA20294 -0.0287322739377162 -0.00404693804583664
NA20296 -0.0239514145325184 -0.000573613239295472
NA20298 -0.0317969363160556 -0.00753605848182243
NA20299 -0.00183169038390987 -0.00280345024157065
NA20314 0.023129258461487 0.00752933742223814
NA20317 -0.0216519669169159 0.00524779214190185
NA20322 -0.0222805726799868 0.00360898687197257
NA20332 -0.0264265466641457 3.75665951360693e-05
NA20334 -0.0194802375745969 0.00635469577373409
NA20336 -0.0168227115862052 0.00646397430701116
NA20339 -0.0276236969437579 -0.00493978467980349
NA20340 -0.027993299102128 -0.00395147825395642
NA20341 -0.0252035726893617 -0.00023647889910552
NA20342 -0.0161444105789382 0.00969468032647438
NA20344 -0.023960391523766 0.00239201676191545
NA20346 -0.0265783625822152 -0.00441118867199817
NA20348 -0.0283282074510658 -0.00613576859885565
NA20351 -0.0183064055166316 0.0054535089687722
NA20356 -0.0296556704202695 -0.00442676101418531
NA20357 -0.0297376479563362 -0.00488785624273205
NA20359 -0.0238146439348967 0.00133988060790675
NA20363 -0.0214634344478321 0.00473924097374968
NA20412 -0.0235211154911355 -0.000839367503869571
NA20414 0.00442217980552357 0.0054129570457397
NA20502 0.0146778847122142 0.0424238361751358
NA20503 0.0145294933161017 0.041628226093947
NA20504 0.0149688806882908 0.0427918168516509
NA20505 0.0140416792803458 0.041688337974306
NA20506 0.0157614479517654 0.0418608767726828
NA20507 0.0137890652261758 0.0403965959595826
NA20508 0.0140004387960229 0.0422684725568218
NA20509 0.0149988657390304 0.0424502298568486
NA20510 0.0143098621973813 0.0401378158120351
NA20512 0.0137104502923952 0.0430892531948628
NA20513 0.0128827850077923 0.0422374066810799
NA20515 0.0129781370268421 0.0428247327089429
NA20516 0.0148029164313476 0.0428387170090749
NA20517 0.0142739011719252 0.0422981738585443
NA20518 0.0135784821933469 0.0447396633665107
NA20519 0.0139948202658973 0.042630331488545
NA20520 0.0143027966133464 0.0409750556145463
NA20521 0.0139659790775945 0.041581628891885
NA20522 0.014947345746243 0.0417573870524483
NA20524 0.0152438278442093 0.0400669801372478
NA20525 0.0152293790641076 0.0430061825459439
NA20527 0.0139555700411744 0.0437013031321062
NA20528 0.0138000870693585 0.0445759921884478
NA20529 0.0139838211102926 0.0419950428191277
NA20530 0.0136326977387717 0.0425610733813127
NA20531 0.0140699815917769 0.0434821205816315
NA20532 0.0127136577568082 0.0408546092966597
NA20533 0.0147980703416834 0.0427683462151302
NA20534 0.0145561626529434 0.0410942088168979
NA20535 0.014270907137444 0.0421689400031988
NA20536 0.0133842032029881 0.0419240563558963
NA20537 0.0134669875724656 0.0423411473180099
NA20538 0.0141848650101456 0.0409000794787599
NA20539 0.0151341049051226 0.0417758476834486
NA20540 0.0142723919619293 0.0439334153633396
NA20541 0.0144779352684715 0.0427606412221478
NA20542 0.0149218044438148 0.0420689894499168
NA20543 0.0141645855880239 0.040737083706458
NA20544 0.0143167410931697 0.041975399442768
NA20581 0.0144631736501014 0.0416280393639645
NA20582 0.0144155758882343 0.0432082924934531
NA20585 0.0152035933632792 0.0412562485386667
NA20586 0.0135727144072008 0.0430038131291671
NA20588 0.0139570775502613 0.0425071320504551
NA20589 0.0149506087929668 0.0419070548554893
NA20752 0.0148903083565499 0.0412113947801234
NA20753 0.0141310193947291 0.0415013219274698
NA20754 0.0145367738313872 0.0423467728651436
NA20755 0.0133376379531829 0.044369259409107
NA20756 0.015406364226999 0.0401886686530772
NA20757 0.0138260764937936 0.044911002525017
NA20758 0.0146158248219487 0.0416179358696979
NA20759 0.0138900193953549 0.041967150663241
NA20760 0.0135284873876953 0.0433450530926582
NA20761 0.0146401496129408 0.0412337573936164
NA20765 0.0130327484005971 0.0429865855730795
NA20766 0.0137347317596186 0.0432616161830926
NA20768 0.014644814000743 0.0434684604773925
NA20769 0.013856295539815 0.0419915735306177
NA20770 0.0144992813066329 0.0412137108425497
NA20771 0.0153709067473353 0.0431819990444143
NA20772 0.0152389176329842 0.0423102902578458
NA20773 0.0140371814397983 0.0412915800237532
NA20774 0.0136810025098146 0.0403991838391269
NA20775 0.0160524149396281 0.0431964594770241
NA20778 0.0149233352633498 0.0405942666851438
NA20783 0.012723655090196 0.0433067504052288
NA20785 0.0140147980805719 0.0412667659087414
NA20786 0.0143200432673646 0.0432626875970035
NA20787 0.0134791955842857 0.0420056408488672
NA20790 0.0134714425331485 0.042009773819455
NA20792 0.0140373947306043 0.0426049513265176
NA20795 0.012591753402896 0.0472280007074897
NA20796 0.0133379645297095 0.0443896215262495
NA20797 0.0140776315295269 0.0397471229402479
NA20798 0.013025379168402 0.0439800654565923
NA20799 0.0140852711588451 0.0428307398554456
NA20800 0.014043759737532 0.0419361423759306
NA20801 0.0141066090365141 0.0445926060730628
NA20802 0.0148420047329554 0.043028802085255
NA20803 0.0152529679841127 0.0411539884934449
NA20804 0.0150506779357913 0.0400057075204715
NA20805 0.0146734056958524 0.0446264658753683
NA20806 0.0148162414289127 0.04233025269964
NA20807 0.0134758587028297 0.0425425805180984
NA20808 0.0135137978293709 0.0455443984197239
NA20809 0.0144317214605916 0.0414101805766685
NA20810 0.0150282608515298 0.0427184699522583
NA20811 0.0143120574975456 0.0438306849845188
NA20812 0.0152144704754248 0.0436382500589592
NA20813 0.0148065389711677 0.0410299962268894
NA20814 0.0130349207369849 0.0430994141195734
NA20815 0.014103717325768 0.0429651519229802
NA20816 0.0140610794533609 0.0441861687525625
NA20818 0.0158512424992705 0.0423747844206766
NA20819 0.0152298935187777 0.0402967306991691
NA20826 0.0146045087065948 0.0415366603404268
NA20828 0.0136938329690183 0.0432466097997593
